<?xml version="1.0" encoding="UTF-8"?>
<testsuite name="com.havyn.search.service.SearchServiceTest" tests="7" skipped="0" failures="0" errors="0" timestamp="2026-08-05T03:21:30.004Z" hostname="CHIDI" time="0.213">
  <properties/>
  <testcase name="rejectsACheckOutOnOrBeforeCheckIn()" classname="com.havyn.search.service.SearchServiceTest" time="0.004"/>
  <testcase name="roundsCoordinatesToApproximateLocationBeforeCaching_launchChecklistFix()" classname="com.havyn.search.service.SearchServiceTest" time="0.013"/>
  <testcase name="rejectsAMinPriceAboveMaxPrice()" classname="com.havyn.search.service.SearchServiceTest" time="0.001"/>
  <testcase name="queriesAndCachesOnACacheMiss()" classname="com.havyn.search.service.SearchServiceTest" time="0.002"/>
  <testcase name="rejectsACheckOutWithoutACheckIn()" classname="com.havyn.search.service.SearchServiceTest" time="0.002"/>
  <testcase name="rejectsACheckInWithoutACheckOut()" classname="com.havyn.search.service.SearchServiceTest" time="0.002"/>
  <testcase name="returnsTheCachedPageWithoutQueryingTheRepositoryOnACacheHit()" classname="com.havyn.search.service.SearchServiceTest" time="0.001"/>
  <system-out><![CDATA[]]></system-out>
  <system-err><![CDATA[]]></system-err>
</testsuite>
