<?xml version="1.0" encoding="UTF-8"?>
<testsuite name="com.havyn.booking.service.BookingServiceTest" tests="14" skipped="0" failures="0" errors="0" timestamp="2026-08-05T03:20:37.850Z" hostname="CHIDI" time="0.944">
  <properties/>
  <testcase name="cancel_rejectsAnAlreadyCancelledBooking()" classname="com.havyn.booking.service.BookingServiceTest" time="0.034"/>
  <testcase name="create_savesAPendingBookingWithAHoldExpiryAndPublishesAChangeEvent()" classname="com.havyn.booking.service.BookingServiceTest" time="0.134"/>
  <testcase name="create_rejectsWithServiceUnavailableWhenTheBookingsEnabledKillSwitchIsOff()" classname="com.havyn.booking.service.BookingServiceTest" time="0.01"/>
  <testcase name="create_rejectsAnInvertedDateRange()" classname="com.havyn.booking.service.BookingServiceTest" time="0.009"/>
  <testcase name="cancel_aConfirmedFlexibleBookingWellBeforeCheckInRefundsInFull()" classname="com.havyn.booking.service.BookingServiceTest" time="0.035"/>
  <testcase name="create_rejectsWhenGuestsExceedCapacity()" classname="com.havyn.booking.service.BookingServiceTest" time="0.007"/>
  <testcase name="cancel_aConfirmedStrictBookingWellBeforeCheckInRefundsHalf()" classname="com.havyn.booking.service.BookingServiceTest" time="0.007"/>
  <testcase name="cancel_aConfirmedStrictBookingTooCloseToCheckInGetsNoRefundAndStaysCancelled()" classname="com.havyn.booking.service.BookingServiceTest" time="0.013"/>
  <testcase name="create_rejectsACheckInInThePast()" classname="com.havyn.booking.service.BookingServiceTest" time="0.025"/>
  <testcase name="create_rejectsWhenTheClientsExpectedTotalDoesNotMatchTheServerRecomputation()" classname="com.havyn.booking.service.BookingServiceTest" time="0.01"/>
  <testcase name="cancel_throwsForbiddenWhenCallerIsNotTheGuest()" classname="com.havyn.booking.service.BookingServiceTest" time="0.009"/>
  <testcase name="cancel_aPendingBookingCancelsWithNoRefundOwed()" classname="com.havyn.booking.service.BookingServiceTest" time="0.019"/>
  <testcase name="create_proceedsWhenTheBookingsEnabledSettingIsMissing_failsOpenNotClosed()" classname="com.havyn.booking.service.BookingServiceTest" time="0.007"/>
  <testcase name="create_rejectsWhenDatesAreAlreadyBooked()" classname="com.havyn.booking.service.BookingServiceTest" time="0.006"/>
  <system-out><![CDATA[]]></system-out>
  <system-err><![CDATA[]]></system-err>
</testsuite>
