<?xml version="1.0" encoding="UTF-8"?>
<testsuite name="com.havyn.config.CorsPreflightSecurityTest" tests="5" skipped="0" failures="0" errors="0" timestamp="2026-08-10T13:34:02.070Z" hostname="CHIDI" time="5.405">
  <properties/>
  <testcase name="[1] path=/api/v1/bookings, requestedMethod=POST" classname="com.havyn.config.CorsPreflightSecurityTest" time="1.263"/>
  <testcase name="[2] path=/api/v1/favorites/11111111-1111-1111-1111-111111111111, requestedMethod=POST" classname="com.havyn.config.CorsPreflightSecurityTest" time="0.026"/>
  <testcase name="[3] path=/api/v1/me, requestedMethod=PATCH" classname="com.havyn.config.CorsPreflightSecurityTest" time="0.052"/>
  <testcase name="[4] path=/api/v1/host/onboarding, requestedMethod=POST" classname="com.havyn.config.CorsPreflightSecurityTest" time="0.031"/>
  <testcase name="[5] path=/api/v1/admin/settings/bookings_enabled, requestedMethod=PUT" classname="com.havyn.config.CorsPreflightSecurityTest" time="0.012"/>
  <system-out><![CDATA[{"@timestamp":"2026-08-10T13:34:02.0732908Z","@version":"1","message":"Could not detect default configuration classes for test class [com.havyn.config.CorsPreflightSecurityTest]: CorsPreflightSecurityTest does not declare any static, non-private, non-final, nested classes annotated with @Configuration.","logger_name":"org.springframework.test.context.support.AnnotationConfigContextLoaderUtils","thread_name":"Test worker","level":"INFO","level_value":20000,"service":"havyn-villa-api"}
{"@timestamp":"2026-08-10T13:34:02.3053692Z","@version":"1","message":"Found @SpringBootConfiguration com.havyn.ApiApplication for test class com.havyn.config.CorsPreflightSecurityTest","logger_name":"org.springframework.boot.test.context.SpringBootTestContextBootstrapper","thread_name":"Test worker","level":"INFO","level_value":20000,"service":"havyn-villa-api"}

  .   ____          _            __ _ _
 /\\ / ___'_ __ _ _(_)_ __  __ _ \ \ \ \
( ( )\___ | '_ | '_| | '_ \/ _` | \ \ \ \
 \\/  ___)| |_)| | | | | || (_| |  ) ) ) )
  '  |____| .__|_| |_|_| |_\__, | / / / /
 =========|_|==============|___/=/_/_/_/

 :: Spring Boot ::                (v3.5.3)

{"@timestamp":"2026-08-10T13:34:02.458293Z","@version":"1","message":"Starting CorsPreflightSecurityTest using Java 24.0.1 with PID 20744 (started by okwu chidi in C:\\Users\\user\\OneDrive\\Desktop\\Havyn-Villa\\my-app\\apps\\api)","logger_name":"com.havyn.config.CorsPreflightSecurityTest","thread_name":"Test worker","level":"INFO","level_value":20000,"service":"havyn-villa-api"}
{"@timestamp":"2026-08-10T13:34:02.458293Z","@version":"1","message":"No active profile set, falling back to 1 default profile: \"default\"","logger_name":"com.havyn.config.CorsPreflightSecurityTest","thread_name":"Test worker","level":"INFO","level_value":20000,"service":"havyn-villa-api"}
{"@timestamp":"2026-08-10T13:34:05.66377Z","@version":"1","message":"\r\n\r\nUsing generated security password: 298f6043-e1ab-41fb-8358-7ec72e93c285\r\n\r\nThis generated password is for development use only. Your security configuration must be updated before running your application in production.\r\n","logger_name":"org.springframework.boot.autoconfigure.security.servlet.UserDetailsServiceAutoConfiguration","thread_name":"Test worker","level":"WARN","level_value":30000,"service":"havyn-villa-api"}
{"@timestamp":"2026-08-10T13:34:05.6922872Z","@version":"1","message":"Global AuthenticationManager configured with UserDetailsService bean with name inMemoryUserDetailsManager","logger_name":"org.springframework.security.config.annotation.authentication.configuration.InitializeUserDetailsBeanManagerConfigurer$InitializeUserDetailsManagerConfigurer","thread_name":"Test worker","level":"INFO","level_value":20000,"service":"havyn-villa-api"}
{"@timestamp":"2026-08-10T13:34:06.0412889Z","@version":"1","message":"Initializing Spring TestDispatcherServlet ''","logger_name":"org.springframework.boot.test.mock.web.SpringBootMockServletContext","thread_name":"Test worker","level":"INFO","level_value":20000,"service":"havyn-villa-api"}
{"@timestamp":"2026-08-10T13:34:06.0412889Z","@version":"1","message":"Initializing Servlet ''","logger_name":"org.springframework.test.web.servlet.TestDispatcherServlet","thread_name":"Test worker","level":"INFO","level_value":20000,"service":"havyn-villa-api"}
{"@timestamp":"2026-08-10T13:34:06.0442863Z","@version":"1","message":"Completed initialization in 2 ms","logger_name":"org.springframework.test.web.servlet.TestDispatcherServlet","thread_name":"Test worker","level":"INFO","level_value":20000,"service":"havyn-villa-api"}
{"@timestamp":"2026-08-10T13:34:06.0692838Z","@version":"1","message":"Started CorsPreflightSecurityTest in 3.746 seconds (process running for 54.406)","logger_name":"com.havyn.config.CorsPreflightSecurityTest","thread_name":"Test worker","level":"INFO","level_value":20000,"service":"havyn-villa-api"}
]]></system-out>
  <system-err><![CDATA[]]></system-err>
</testsuite>
