<?xml version="1.0" encoding="UTF-8"?>
<testsuite name="com.havyn.properties.rayprop.RayPropSyncServiceTest" tests="4" skipped="0" failures="0" errors="0" timestamp="2026-08-05T03:21:29.061Z" hostname="CHIDI" time="0.368">
  <properties/>
  <testcase name="createsANewPropertyForAListingNeverSeenBefore()" classname="com.havyn.properties.rayprop.RayPropSyncServiceTest" time="0.016"/>
  <testcase name="anEmptyFetch_syncsNothingAndReportsZeros()" classname="com.havyn.properties.rayprop.RayPropSyncServiceTest" time="0.007"/>
  <testcase name="updatesAnExistingPropertyInsteadOfCreatingADuplicate()" classname="com.havyn.properties.rayprop.RayPropSyncServiceTest" time="0.03"/>
  <testcase name="aQuotaStoppedFetchStillSyncsWhatWasFetched_andReportsWhyItStopped()" classname="com.havyn.properties.rayprop.RayPropSyncServiceTest" time="0.007"/>
  <system-out><![CDATA[{"@timestamp":"2026-08-05T03:21:29.3780585Z","@version":"1","message":"RayProp sync complete: fetched=1 created=1 updated=0 pagesFetched=1 stoppedEarlyDueToQuota=false","logger_name":"com.havyn.properties.rayprop.RayPropSyncService","thread_name":"Test worker","level":"INFO","level_value":20000,"service":"havyn-villa-api"}
{"@timestamp":"2026-08-05T03:21:29.3880592Z","@version":"1","message":"RayProp sync complete: fetched=0 created=0 updated=0 pagesFetched=1 stoppedEarlyDueToQuota=false","logger_name":"com.havyn.properties.rayprop.RayPropSyncService","thread_name":"Test worker","level":"INFO","level_value":20000,"service":"havyn-villa-api"}
{"@timestamp":"2026-08-05T03:21:29.4210555Z","@version":"1","message":"RayProp sync complete: fetched=1 created=0 updated=1 pagesFetched=1 stoppedEarlyDueToQuota=false","logger_name":"com.havyn.properties.rayprop.RayPropSyncService","thread_name":"Test worker","level":"INFO","level_value":20000,"service":"havyn-villa-api"}
{"@timestamp":"2026-08-05T03:21:29.4280569Z","@version":"1","message":"RayProp sync complete: fetched=1 created=1 updated=0 pagesFetched=10 stoppedEarlyDueToQuota=true","logger_name":"com.havyn.properties.rayprop.RayPropSyncService","thread_name":"Test worker","level":"INFO","level_value":20000,"service":"havyn-villa-api"}
]]></system-out>
  <system-err><![CDATA[]]></system-err>
</testsuite>
