<?xml version="1.0" encoding="UTF-8"?>
<testsuite name="com.havyn.notifications.service.NotificationServiceTest" tests="8" skipped="0" failures="0" errors="0" timestamp="2026-08-05T03:21:27.051Z" hostname="CHIDI" time="0.276">
  <properties/>
  <testcase name="markRead_rejectsAMissingNotification()" classname="com.havyn.notifications.service.NotificationServiceTest" time="0.004"/>
  <testcase name="aFailedEmailSendDoesNotPreventTheInAppNotificationFromBeingRecorded()" classname="com.havyn.notifications.service.NotificationServiceTest" time="0.011"/>
  <testcase name="onMessageSent_notifiesTheRecipientNotTheSender()" classname="com.havyn.notifications.service.NotificationServiceTest" time="0.003"/>
  <testcase name="markRead_rejectsANotificationBelongingToSomeoneElse()" classname="com.havyn.notifications.service.NotificationServiceTest" time="0.008"/>
  <testcase name="markRead_setsReadAtForTheOwningUser()" classname="com.havyn.notifications.service.NotificationServiceTest" time="0.003"/>
  <testcase name="unreadCount_delegatesToTheRepository()" classname="com.havyn.notifications.service.NotificationServiceTest" time="0.003"/>
  <testcase name="onBookingConfirmed_persistsAnInAppNotificationAndSendsEmail()" classname="com.havyn.notifications.service.NotificationServiceTest" time="0.009"/>
  <testcase name="onBookingCancelled_notesTheRefundWhenOneWasIssued()" classname="com.havyn.notifications.service.NotificationServiceTest" time="0.004"/>
  <system-out><![CDATA[{"@timestamp":"2026-08-05T03:21:27.2870563Z","@version":"1","message":"Failed to send notification email for user 122019f2-3355-4116-b899-4bd160781a8d: SMTP down","logger_name":"com.havyn.notifications.service.NotificationService","thread_name":"Test worker","level":"WARN","level_value":30000,"service":"havyn-villa-api"}
]]></system-out>
  <system-err><![CDATA[]]></system-err>
</testsuite>
