<?xml version="1.0" encoding="UTF-8"?>
<testsuite name="com.havyn.config.RbacTest" tests="6" skipped="0" failures="0" errors="0" timestamp="2026-08-05T03:21:21.591Z" hostname="CHIDI" time="3.522">
  <properties/>
  <testcase name="nonAdminIsForbiddenFromAdminOnlyEndpoint()" classname="com.havyn.config.RbacTest" time="0.276"/>
  <testcase name="adminIsAllowedOnAdminOnlyEndpoint()" classname="com.havyn.config.RbacTest" time="0.021"/>
  <testcase name="userCanAccessTheirOwnResource()" classname="com.havyn.config.RbacTest" time="0.04"/>
  <testcase name="authenticatedRequestWithAnyRoleIsAllowedOnAnAuthOnlyEndpoint()" classname="com.havyn.config.RbacTest" time="0.031"/>
  <testcase name="userCannotAccessAnotherUsersResource_objectLevelIdorCheck()" classname="com.havyn.config.RbacTest" time="0.015"/>
  <testcase name="unauthenticatedRequestIsRejected()" classname="com.havyn.config.RbacTest" time="0.039"/>
  <system-out><![CDATA[{"@timestamp":"2026-08-05T03:21:21.5950535Z","@version":"1","message":"Could not detect default configuration classes for test class [com.havyn.config.RbacTest]: RbacTest does not declare any static, non-private, non-final, nested classes annotated with @Configuration.","logger_name":"org.springframework.test.context.support.AnnotationConfigContextLoaderUtils","thread_name":"Test worker","level":"INFO","level_value":20000,"service":"havyn-villa-api"}
{"@timestamp":"2026-08-05T03:21:21.9470575Z","@version":"1","message":"Found @SpringBootConfiguration com.havyn.ApiApplication for test class com.havyn.config.RbacTest","logger_name":"org.springframework.boot.test.context.SpringBootTestContextBootstrapper","thread_name":"Test worker","level":"INFO","level_value":20000,"service":"havyn-villa-api"}

  .   ____          _            __ _ _
 /\\ / ___'_ __ _ _(_)_ __  __ _ \ \ \ \
( ( )\___ | '_ | '_| | '_ \/ _` | \ \ \ \
 \\/  ___)| |_)| | | | | || (_| |  ) ) ) )
  '  |____| .__|_| |_|_| |_\__, | / / / /
 =========|_|==============|___/=/_/_/_/

 :: Spring Boot ::                (v3.5.3)

{"@timestamp":"2026-08-05T03:21:22.1710554Z","@version":"1","message":"Starting RbacTest using Java 24.0.1 with PID 9684 (started by okwu chidi in C:\\Users\\user\\OneDrive\\Desktop\\Havyn-Villa\\my-app\\apps\\api)","logger_name":"com.havyn.config.RbacTest","thread_name":"Test worker","level":"INFO","level_value":20000,"service":"havyn-villa-api"}
{"@timestamp":"2026-08-05T03:21:22.1720536Z","@version":"1","message":"No active profile set, falling back to 1 default profile: \"default\"","logger_name":"com.havyn.config.RbacTest","thread_name":"Test worker","level":"INFO","level_value":20000,"service":"havyn-villa-api"}
{"@timestamp":"2026-08-05T03:21:24.2190542Z","@version":"1","message":"\r\n\r\nUsing generated security password: 1f7284ec-c862-4009-8657-8718d33df319\r\n\r\nThis generated password is for development use only. Your security configuration must be updated before running your application in production.\r\n","logger_name":"org.springframework.boot.autoconfigure.security.servlet.UserDetailsServiceAutoConfiguration","thread_name":"Test worker","level":"WARN","level_value":30000,"service":"havyn-villa-api"}
{"@timestamp":"2026-08-05T03:21:24.2280552Z","@version":"1","message":"Global AuthenticationManager configured with UserDetailsService bean with name inMemoryUserDetailsManager","logger_name":"org.springframework.security.config.annotation.authentication.configuration.InitializeUserDetailsBeanManagerConfigurer$InitializeUserDetailsManagerConfigurer","thread_name":"Test worker","level":"INFO","level_value":20000,"service":"havyn-villa-api"}
{"@timestamp":"2026-08-05T03:21:24.6170528Z","@version":"1","message":"Initializing Spring TestDispatcherServlet ''","logger_name":"org.springframework.boot.test.mock.web.SpringBootMockServletContext","thread_name":"Test worker","level":"INFO","level_value":20000,"service":"havyn-villa-api"}
{"@timestamp":"2026-08-05T03:21:24.6180565Z","@version":"1","message":"Initializing Servlet ''","logger_name":"org.springframework.test.web.servlet.TestDispatcherServlet","thread_name":"Test worker","level":"INFO","level_value":20000,"service":"havyn-villa-api"}
{"@timestamp":"2026-08-05T03:21:24.6520615Z","@version":"1","message":"Completed initialization in 33 ms","logger_name":"org.springframework.test.web.servlet.TestDispatcherServlet","thread_name":"Test worker","level":"INFO","level_value":20000,"service":"havyn-villa-api"}
{"@timestamp":"2026-08-05T03:21:24.6800523Z","@version":"1","message":"Started RbacTest in 2.673 seconds (process running for 79.902)","logger_name":"com.havyn.config.RbacTest","thread_name":"Test worker","level":"INFO","level_value":20000,"service":"havyn-villa-api"}
]]></system-out>
  <system-err><![CDATA[]]></system-err>
</testsuite>
