<?xml version="1.0" encoding="UTF-8"?>
<testsuite name="com.havyn.booking.domain.CancellationPolicyCalculatorTest" tests="15" skipped="0" failures="0" errors="0" timestamp="2026-08-10T13:33:40.175Z" hostname="CHIDI" time="0.115">
  <properties/>
  <testcase name="[1] policy=FLEXIBLE, daysUntilCheckIn=10, expectedPercent=100" classname="com.havyn.booking.domain.CancellationPolicyCalculatorTest" time="0.052"/>
  <testcase name="[2] policy=FLEXIBLE, daysUntilCheckIn=1, expectedPercent=100" classname="com.havyn.booking.domain.CancellationPolicyCalculatorTest" time="0.001"/>
  <testcase name="[3] policy=FLEXIBLE, daysUntilCheckIn=0, expectedPercent=0" classname="com.havyn.booking.domain.CancellationPolicyCalculatorTest" time="0.002"/>
  <testcase name="[4] policy=MODERATE, daysUntilCheckIn=10, expectedPercent=100" classname="com.havyn.booking.domain.CancellationPolicyCalculatorTest" time="0.002"/>
  <testcase name="[5] policy=MODERATE, daysUntilCheckIn=5, expectedPercent=100" classname="com.havyn.booking.domain.CancellationPolicyCalculatorTest" time="0.002"/>
  <testcase name="[6] policy=MODERATE, daysUntilCheckIn=4, expectedPercent=0" classname="com.havyn.booking.domain.CancellationPolicyCalculatorTest" time="0.002"/>
  <testcase name="[7] policy=MODERATE, daysUntilCheckIn=0, expectedPercent=0" classname="com.havyn.booking.domain.CancellationPolicyCalculatorTest" time="0.003"/>
  <testcase name="[8] policy=STRICT, daysUntilCheckIn=10, expectedPercent=50" classname="com.havyn.booking.domain.CancellationPolicyCalculatorTest" time="0.001"/>
  <testcase name="[9] policy=STRICT, daysUntilCheckIn=7, expectedPercent=50" classname="com.havyn.booking.domain.CancellationPolicyCalculatorTest" time="0.002"/>
  <testcase name="[10] policy=STRICT, daysUntilCheckIn=6, expectedPercent=0" classname="com.havyn.booking.domain.CancellationPolicyCalculatorTest" time="0.001"/>
  <testcase name="[11] policy=STRICT, daysUntilCheckIn=0, expectedPercent=0" classname="com.havyn.booking.domain.CancellationPolicyCalculatorTest" time="0.002"/>
  <testcase name="[12] policy=UNKNOWN_POLICY, daysUntilCheckIn=30, expectedPercent=0" classname="com.havyn.booking.domain.CancellationPolicyCalculatorTest" time="0.001"/>
  <testcase name="[1] policy=FLEXIBLE" classname="com.havyn.booking.domain.CancellationPolicyCalculatorTest" time="0.002"/>
  <testcase name="[2] policy=MODERATE" classname="com.havyn.booking.domain.CancellationPolicyCalculatorTest" time="0.002"/>
  <testcase name="[3] policy=STRICT" classname="com.havyn.booking.domain.CancellationPolicyCalculatorTest" time="0.002"/>
  <system-out><![CDATA[]]></system-out>
  <system-err><![CDATA[]]></system-err>
</testsuite>
