<?xml version="1.0" encoding="UTF-8"?>
<testsuite name="com.havyn.config.RbacTest" tests="6" skipped="0" failures="0" errors="0" timestamp="2026-08-10T13:34:13.211Z" hostname="CHIDI" time="2.601">
  <properties/>
  <testcase name="nonAdminIsForbiddenFromAdminOnlyEndpoint()" classname="com.havyn.config.RbacTest" time="0.272"/>
  <testcase name="adminIsAllowedOnAdminOnlyEndpoint()" classname="com.havyn.config.RbacTest" time="0.032"/>
  <testcase name="userCanAccessTheirOwnResource()" classname="com.havyn.config.RbacTest" time="0.046"/>
  <testcase name="authenticatedRequestWithAnyRoleIsAllowedOnAnAuthOnlyEndpoint()" classname="com.havyn.config.RbacTest" time="0.018"/>
  <testcase name="userCannotAccessAnotherUsersResource_objectLevelIdorCheck()" classname="com.havyn.config.RbacTest" time="0.022"/>
  <testcase name="unauthenticatedRequestIsRejected()" classname="com.havyn.config.RbacTest" time="0.013"/>
  <system-out><![CDATA[{"@timestamp":"2026-08-10T13:34:13.2145162Z","@version":"1","message":"Could not detect default configuration classes for test class [com.havyn.config.RbacTest]: RbacTest does not declare any static, non-private, non-final, nested classes annotated with @Configuration.","logger_name":"org.springframework.test.context.support.AnnotationConfigContextLoaderUtils","thread_name":"Test worker","level":"INFO","level_value":20000,"service":"havyn-villa-api"}
{"@timestamp":"2026-08-10T13:34:13.2555182Z","@version":"1","message":"Found @SpringBootConfiguration com.havyn.ApiApplication for test class com.havyn.config.RbacTest","logger_name":"org.springframework.boot.test.context.SpringBootTestContextBootstrapper","thread_name":"Test worker","level":"INFO","level_value":20000,"service":"havyn-villa-api"}

  .   ____          _            __ _ _
 /\\ / ___'_ __ _ _(_)_ __  __ _ \ \ \ \
( ( )\___ | '_ | '_| | '_ \/ _` | \ \ \ \
 \\/  ___)| |_)| | | | | || (_| |  ) ) ) )
  '  |____| .__|_| |_|_| |_\__, | / / / /
 =========|_|==============|___/=/_/_/_/

 :: Spring Boot ::                (v3.5.3)

{"@timestamp":"2026-08-10T13:34:13.399519Z","@version":"1","message":"Starting RbacTest using Java 24.0.1 with PID 20744 (started by okwu chidi in C:\\Users\\user\\OneDrive\\Desktop\\Havyn-Villa\\my-app\\apps\\api)","logger_name":"com.havyn.config.RbacTest","thread_name":"Test worker","level":"INFO","level_value":20000,"service":"havyn-villa-api"}
{"@timestamp":"2026-08-10T13:34:13.4005188Z","@version":"1","message":"No active profile set, falling back to 1 default profile: \"default\"","logger_name":"com.havyn.config.RbacTest","thread_name":"Test worker","level":"INFO","level_value":20000,"service":"havyn-villa-api"}
{"@timestamp":"2026-08-10T13:34:15.0035152Z","@version":"1","message":"\r\n\r\nUsing generated security password: 5d2d145d-0df1-4a07-b904-eb3814e01a84\r\n\r\nThis generated password is for development use only. Your security configuration must be updated before running your application in production.\r\n","logger_name":"org.springframework.boot.autoconfigure.security.servlet.UserDetailsServiceAutoConfiguration","thread_name":"Test worker","level":"WARN","level_value":30000,"service":"havyn-villa-api"}
{"@timestamp":"2026-08-10T13:34:15.0185115Z","@version":"1","message":"Global AuthenticationManager configured with UserDetailsService bean with name inMemoryUserDetailsManager","logger_name":"org.springframework.security.config.annotation.authentication.configuration.InitializeUserDetailsBeanManagerConfigurer$InitializeUserDetailsManagerConfigurer","thread_name":"Test worker","level":"INFO","level_value":20000,"service":"havyn-villa-api"}
{"@timestamp":"2026-08-10T13:34:15.3295118Z","@version":"1","message":"Initializing Spring TestDispatcherServlet ''","logger_name":"org.springframework.boot.test.mock.web.SpringBootMockServletContext","thread_name":"Test worker","level":"INFO","level_value":20000,"service":"havyn-villa-api"}
{"@timestamp":"2026-08-10T13:34:15.3295118Z","@version":"1","message":"Initializing Servlet ''","logger_name":"org.springframework.test.web.servlet.TestDispatcherServlet","thread_name":"Test worker","level":"INFO","level_value":20000,"service":"havyn-villa-api"}
{"@timestamp":"2026-08-10T13:34:15.3316044Z","@version":"1","message":"Completed initialization in 1 ms","logger_name":"org.springframework.test.web.servlet.TestDispatcherServlet","thread_name":"Test worker","level":"INFO","level_value":20000,"service":"havyn-villa-api"}
{"@timestamp":"2026-08-10T13:34:15.3495095Z","@version":"1","message":"Started RbacTest in 2.087 seconds (process running for 63.686)","logger_name":"com.havyn.config.RbacTest","thread_name":"Test worker","level":"INFO","level_value":20000,"service":"havyn-villa-api"}
]]></system-out>
  <system-err><![CDATA[]]></system-err>
</testsuite>
