<?xml version="1.0" encoding="UTF-8"?>
<testsuite name="com.havyn.auth.domain.AuthServiceTest" tests="3" skipped="0" failures="0" errors="0" timestamp="2026-08-05T08:19:05.621Z" hostname="CHIDI" time="1.04">
  <properties/>
  <testcase name="successfulLogin_logsTheUserIdNotTheEmail()" classname="com.havyn.auth.domain.AuthServiceTest" time="0.228"/>
  <testcase name="failedLogin_theSameEmailAlwaysHashesTheSameWay_soOpsCanStillCorrelateRepeatedAttempts()" classname="com.havyn.auth.domain.AuthServiceTest" time="0.024"/>
  <testcase name="failedLogin_logsAHashOfTheEmail_neverTheRawAddress()" classname="com.havyn.auth.domain.AuthServiceTest" time="0.019"/>
  <system-out><![CDATA[09:19:06.538 [Test worker] INFO com.havyn.auth.domain.AuthService -- Login succeeded userId=5401ef84-eef8-4263-8e79-d6b87c228073
09:19:06.620 [Test worker] WARN com.havyn.auth.domain.AuthService -- Failed login attempt emailHash=2fde88c3a71f
09:19:06.623 [Test worker] WARN com.havyn.auth.domain.AuthService -- Failed login attempt emailHash=2fde88c3a71f
09:19:06.658 [Test worker] WARN com.havyn.auth.domain.AuthService -- Failed login attempt emailHash=ce5114aa16f0
]]></system-out>
  <system-err><![CDATA[]]></system-err>
</testsuite>
