<?xml version="1.0" encoding="UTF-8"?>
<testsuite name="com.havyn.media.service.MediaServiceTest" tests="13" skipped="0" failures="0" errors="0" timestamp="2026-08-05T08:19:44.792Z" hostname="CHIDI" time="0.469">
  <properties/>
  <testcase name="addMedia_savesAtTheNextAvailablePosition()" classname="com.havyn.media.service.MediaServiceTest" time="0.009"/>
  <testcase name="addMedia_rejectsAnUnsupportedFormat()" classname="com.havyn.media.service.MediaServiceTest" time="0.003"/>
  <testcase name="delete_rejectsWhenCallerIsNotTheOwningHost()" classname="com.havyn.media.service.MediaServiceTest" time="0.007"/>
  <testcase name="generateUploadSignature_rejectsAtTheConfiguredLimit()" classname="com.havyn.media.service.MediaServiceTest" time="0.007"/>
  <testcase name="listPublic_throwsNotFoundForANonActiveProperty_noInfoLeak()" classname="com.havyn.media.service.MediaServiceTest" time="0.005"/>
  <testcase name="generateUploadSignature_rejectsWhenCallerIsNotTheOwningHost()" classname="com.havyn.media.service.MediaServiceTest" time="0.003"/>
  <testcase name="addMedia_rejectsAnOversizedImageAndDeletesTheAlreadyUploadedAsset()" classname="com.havyn.media.service.MediaServiceTest" time="0.006"/>
  <testcase name="delete_deletesFromStorageAndTheRepository()" classname="com.havyn.media.service.MediaServiceTest" time="0.009"/>
  <testcase name="generateUploadSignature_returnsWhateverTheStorageAdapterProduces()" classname="com.havyn.media.service.MediaServiceTest" time="0.014"/>
  <testcase name="addMedia_rejectsAssetsNotFromTheConfiguredStorage()" classname="com.havyn.media.service.MediaServiceTest" time="0.005"/>
  <testcase name="reorder_rejectsAMismatchedIdSet()" classname="com.havyn.media.service.MediaServiceTest" time="0.096"/>
  <testcase name="listPublic_returnsMediaForAnActiveProperty()" classname="com.havyn.media.service.MediaServiceTest" time="0.003"/>
  <testcase name="reorder_appliesTheRequestedPositions()" classname="com.havyn.media.service.MediaServiceTest" time="0.017"/>
  <system-out><![CDATA[]]></system-out>
  <system-err><![CDATA[]]></system-err>
</testsuite>
