<?xml version="1.0" encoding="UTF-8"?>
<testsuite name="com.havyn.media.service.MediaServiceTest" tests="13" skipped="0" failures="0" errors="0" timestamp="2026-08-05T03:21:25.713Z" hostname="CHIDI" time="0.428">
  <properties/>
  <testcase name="addMedia_savesAtTheNextAvailablePosition()" classname="com.havyn.media.service.MediaServiceTest" time="0.007"/>
  <testcase name="addMedia_rejectsAnUnsupportedFormat()" classname="com.havyn.media.service.MediaServiceTest" time="0.003"/>
  <testcase name="delete_rejectsWhenCallerIsNotTheOwningHost()" classname="com.havyn.media.service.MediaServiceTest" time="0.002"/>
  <testcase name="generateUploadSignature_rejectsAtTheConfiguredLimit()" classname="com.havyn.media.service.MediaServiceTest" time="0.01"/>
  <testcase name="listPublic_throwsNotFoundForANonActiveProperty_noInfoLeak()" classname="com.havyn.media.service.MediaServiceTest" time="0.009"/>
  <testcase name="generateUploadSignature_rejectsWhenCallerIsNotTheOwningHost()" classname="com.havyn.media.service.MediaServiceTest" time="0.003"/>
  <testcase name="addMedia_rejectsAnOversizedImageAndDeletesTheAlreadyUploadedAsset()" classname="com.havyn.media.service.MediaServiceTest" time="0.004"/>
  <testcase name="delete_deletesFromStorageAndTheRepository()" classname="com.havyn.media.service.MediaServiceTest" time="0.003"/>
  <testcase name="generateUploadSignature_returnsWhateverTheStorageAdapterProduces()" classname="com.havyn.media.service.MediaServiceTest" time="0.004"/>
  <testcase name="addMedia_rejectsAssetsNotFromTheConfiguredStorage()" classname="com.havyn.media.service.MediaServiceTest" time="0.003"/>
  <testcase name="reorder_rejectsAMismatchedIdSet()" classname="com.havyn.media.service.MediaServiceTest" time="0.124"/>
  <testcase name="listPublic_returnsMediaForAnActiveProperty()" classname="com.havyn.media.service.MediaServiceTest" time="0.006"/>
  <testcase name="reorder_appliesTheRequestedPositions()" classname="com.havyn.media.service.MediaServiceTest" time="0.008"/>
  <system-out><![CDATA[]]></system-out>
  <system-err><![CDATA[]]></system-err>
</testsuite>
