<?xml version="1.0" encoding="UTF-8"?>
<testsuite name="com.havyn.admin.service.AdminUserServiceTest" tests="6" skipped="0" failures="0" errors="0" timestamp="2026-08-05T08:18:59.024Z" hostname="CHIDI" time="0.818">
  <properties/>
  <testcase name="suspend_rejectsAMissingUser()" classname="com.havyn.admin.service.AdminUserServiceTest" time="0.011"/>
  <testcase name="grantRole_addsTheRoleAndRecordsAnAuditEntry()" classname="com.havyn.admin.service.AdminUserServiceTest" time="0.064"/>
  <testcase name="grantRole_rejectsAnUngrantableRoleCode()" classname="com.havyn.admin.service.AdminUserServiceTest" time="0.006"/>
  <testcase name="suspendThenReactivate_flipsUserStatus()" classname="com.havyn.admin.service.AdminUserServiceTest" time="0.007"/>
  <testcase name="revokeRole_removesTheRole()" classname="com.havyn.admin.service.AdminUserServiceTest" time="0.011"/>
  <testcase name="revokeRole_rejectsAnAdminRevokingTheirOwnAdminRole()" classname="com.havyn.admin.service.AdminUserServiceTest" time="0.004"/>
  <system-out><![CDATA[]]></system-out>
  <system-err><![CDATA[]]></system-err>
</testsuite>
