<?xml version="1.0" encoding="UTF-8"?>
<testsuite name="com.havyn.admin.service.VerificationServiceTest" tests="7" skipped="0" failures="0" errors="0" timestamp="2026-08-10T13:33:34.801Z" hostname="CHIDI" time="0.366">
  <properties/>
  <testcase name="submit_savesANewPendingRequest()" classname="com.havyn.admin.service.VerificationServiceTest" time="0.011"/>
  <testcase name="getOwnedOrAdmin_rejectsAMissingRequest()" classname="com.havyn.admin.service.VerificationServiceTest" time="0.004"/>
  <testcase name="submit_rejectsASecondPendingRequestFromTheSameUser()" classname="com.havyn.admin.service.VerificationServiceTest" time="0.004"/>
  <testcase name="reject_marksRejectedWithReviewNotes()" classname="com.havyn.admin.service.VerificationServiceTest" time="0.004"/>
  <testcase name="getOwnedOrAdmin_rejectsANonOwningCaller()" classname="com.havyn.admin.service.VerificationServiceTest" time="0.004"/>
  <testcase name="approve_rejectsAnAlreadyReviewedRequest()" classname="com.havyn.admin.service.VerificationServiceTest" time="0.028"/>
  <testcase name="approve_marksApprovedAndRecordsAudit()" classname="com.havyn.admin.service.VerificationServiceTest" time="0.003"/>
  <system-out><![CDATA[]]></system-out>
  <system-err><![CDATA[]]></system-err>
</testsuite>
