<?xml version="1.0" encoding="UTF-8"?>
<testsuite name="com.havyn.properties.rayprop.RayPropClientTest" tests="8" skipped="0" failures="0" errors="0" timestamp="2026-08-10T13:34:19.008Z" hostname="CHIDI" time="0.798">
  <properties/>
  <testcase name="fetchAllListings_retriesATransientRateLimit_andSucceedsOnTheNextAttempt()" classname="com.havyn.properties.rayprop.RayPropClientTest" time="0.603"/>
  <testcase name="fetchAllListings_capturesTheDailyQuotaDataAccessBlock()" classname="com.havyn.properties.rayprop.RayPropClientTest" time="0.018"/>
  <testcase name="fetchAllListings_propagatesARealFailure_insteadOfSwallowingIt()" classname="com.havyn.properties.rayprop.RayPropClientTest" time="0.02"/>
  <testcase name="fetchAllListings_walksEveryPage_untilHasMoreIsFalse()" classname="com.havyn.properties.rayprop.RayPropClientTest" time="0.033"/>
  <testcase name="fetchAllListings_stopsAtTheConfiguredSafetyCap_ifHasMoreNeverGoesFalse()" classname="com.havyn.properties.rayprop.RayPropClientTest" time="0.046"/>
  <testcase name="fetchAllListings_sendsTheApiKeyHeaderAndDocumentedQueryParams()" classname="com.havyn.properties.rayprop.RayPropClientTest" time="0.024"/>
  <testcase name="fetchAllListings_stopsGracefullyAndKeepsPriorPages_onDailyLimitReached()" classname="com.havyn.properties.rayprop.RayPropClientTest" time="0.027"/>
  <testcase name="fetchAllListings_stopsAssoonAsHasMoreIsFalse_withoutRequestingANextPage()" classname="com.havyn.properties.rayprop.RayPropClientTest" time="0.015"/>
  <system-out><![CDATA[{"@timestamp":"2026-08-10T13:34:19.0482822Z","@version":"1","message":"RayProp RestClient interceptors before diagnostic logger: []","logger_name":"com.havyn.properties.rayprop.RayPropClient","thread_name":"Test worker","level":"INFO","level_value":20000,"service":"havyn-villa-api"}
{"@timestamp":"2026-08-10T13:34:19.0542818Z","@version":"1","message":"RayProp RestClient interceptors after diagnostic logger: [com.havyn.properties.rayprop.RayPropClient$$Lambda/0x00000230d580f278]","logger_name":"com.havyn.properties.rayprop.RayPropClient","thread_name":"Test worker","level":"INFO","level_value":20000,"service":"havyn-villa-api"}
{"@timestamp":"2026-08-10T13:34:19.0862841Z","@version":"1","message":"RayProp outgoing request: method=GET uri=https://api.rayprop.io/listings?limit=50 headers={x-api-key=[<redacted length=19 prefix=rp_sa>], Authorization=[Bearer <redacted length=19 prefix=rp_sa>], Content-Length=[0]}","logger_name":"com.havyn.properties.rayprop.RayPropClient","thread_name":"Test worker","level":"INFO","level_value":20000,"service":"havyn-villa-api"}
{"@timestamp":"2026-08-10T13:34:19.0902864Z","@version":"1","message":"RayProp API request failed: status=429 code=RATE_LIMIT_EXCEEDED body={\"success\":false,\"error\":{\"code\":\"RATE_LIMIT_EXCEEDED\",\"message\":\"Too many requests per second\"}}","logger_name":"com.havyn.properties.rayprop.RayPropClient","thread_name":"Test worker","level":"WARN","level_value":30000,"service":"havyn-villa-api"}
{"@timestamp":"2026-08-10T13:34:19.0918658Z","@version":"1","message":"RayProp sync: rate limited fetching page 1 (attempt 1/3), retrying in 500ms","logger_name":"com.havyn.properties.rayprop.RayPropClient","thread_name":"Test worker","level":"WARN","level_value":30000,"service":"havyn-villa-api"}
{"@timestamp":"2026-08-10T13:34:19.5932825Z","@version":"1","message":"RayProp outgoing request: method=GET uri=https://api.rayprop.io/listings?limit=50 headers={x-api-key=[<redacted length=19 prefix=rp_sa>], Authorization=[Bearer <redacted length=19 prefix=rp_sa>], Content-Length=[0]}","logger_name":"com.havyn.properties.rayprop.RayPropClient","thread_name":"Test worker","level":"INFO","level_value":20000,"service":"havyn-villa-api"}
{"@timestamp":"2026-08-10T13:34:19.6042829Z","@version":"1","message":"RayProp sync: page 1 fetched — 1 listings so far","logger_name":"com.havyn.properties.rayprop.RayPropClient","thread_name":"Test worker","level":"INFO","level_value":20000,"service":"havyn-villa-api"}
{"@timestamp":"2026-08-10T13:34:19.6155052Z","@version":"1","message":"RayProp RestClient interceptors before diagnostic logger: []","logger_name":"com.havyn.properties.rayprop.RayPropClient","thread_name":"Test worker","level":"INFO","level_value":20000,"service":"havyn-villa-api"}
{"@timestamp":"2026-08-10T13:34:19.6164047Z","@version":"1","message":"RayProp RestClient interceptors after diagnostic logger: [com.havyn.properties.rayprop.RayPropClient$$Lambda/0x00000230d580f278]","logger_name":"com.havyn.properties.rayprop.RayPropClient","thread_name":"Test worker","level":"INFO","level_value":20000,"service":"havyn-villa-api"}
{"@timestamp":"2026-08-10T13:34:19.6289386Z","@version":"1","message":"RayProp outgoing request: method=GET uri=https://api.rayprop.io/listings?limit=50 headers={x-api-key=[<redacted length=19 prefix=rp_sa>], Authorization=[Bearer <redacted length=19 prefix=rp_sa>], Content-Length=[0]}","logger_name":"com.havyn.properties.rayprop.RayPropClient","thread_name":"Test worker","level":"INFO","level_value":20000,"service":"havyn-villa-api"}
{"@timestamp":"2026-08-10T13:34:19.6312846Z","@version":"1","message":"RayProp sync: page 1 fetched — 1 listings so far, daily quota 45/500 used","logger_name":"com.havyn.properties.rayprop.RayPropClient","thread_name":"Test worker","level":"INFO","level_value":20000,"service":"havyn-villa-api"}
{"@timestamp":"2026-08-10T13:34:19.6342875Z","@version":"1","message":"RayProp RestClient interceptors before diagnostic logger: []","logger_name":"com.havyn.properties.rayprop.RayPropClient","thread_name":"Test worker","level":"INFO","level_value":20000,"service":"havyn-villa-api"}
{"@timestamp":"2026-08-10T13:34:19.6342875Z","@version":"1","message":"RayProp RestClient interceptors after diagnostic logger: [com.havyn.properties.rayprop.RayPropClient$$Lambda/0x00000230d580f278]","logger_name":"com.havyn.properties.rayprop.RayPropClient","thread_name":"Test worker","level":"INFO","level_value":20000,"service":"havyn-villa-api"}
{"@timestamp":"2026-08-10T13:34:19.6472849Z","@version":"1","message":"RayProp outgoing request: method=GET uri=https://api.rayprop.io/listings?limit=50 headers={x-api-key=[<redacted length=19 prefix=rp_sa>], Authorization=[Bearer <redacted length=19 prefix=rp_sa>], Content-Length=[0]}","logger_name":"com.havyn.properties.rayprop.RayPropClient","thread_name":"Test worker","level":"INFO","level_value":20000,"service":"havyn-villa-api"}
{"@timestamp":"2026-08-10T13:34:19.649283Z","@version":"1","message":"RayProp API request failed: status=401 code=INVALID_API_KEY body={\"success\":false,\"error\":{\"code\":\"INVALID_API_KEY\",\"message\":\"Invalid or revoked API key\"}}","logger_name":"com.havyn.properties.rayprop.RayPropClient","thread_name":"Test worker","level":"WARN","level_value":30000,"service":"havyn-villa-api"}
{"@timestamp":"2026-08-10T13:34:19.6572865Z","@version":"1","message":"RayProp RestClient interceptors before diagnostic logger: []","logger_name":"com.havyn.properties.rayprop.RayPropClient","thread_name":"Test worker","level":"INFO","level_value":20000,"service":"havyn-villa-api"}
{"@timestamp":"2026-08-10T13:34:19.664287Z","@version":"1","message":"RayProp RestClient interceptors after diagnostic logger: [com.havyn.properties.rayprop.RayPropClient$$Lambda/0x00000230d580f278]","logger_name":"com.havyn.properties.rayprop.RayPropClient","thread_name":"Test worker","level":"INFO","level_value":20000,"service":"havyn-villa-api"}
{"@timestamp":"2026-08-10T13:34:19.6814298Z","@version":"1","message":"RayProp outgoing request: method=GET uri=https://api.rayprop.io/listings?limit=50 headers={x-api-key=[<redacted length=19 prefix=rp_sa>], Authorization=[Bearer <redacted length=19 prefix=rp_sa>], Content-Length=[0]}","logger_name":"com.havyn.properties.rayprop.RayPropClient","thread_name":"Test worker","level":"INFO","level_value":20000,"service":"havyn-villa-api"}
{"@timestamp":"2026-08-10T13:34:19.6832795Z","@version":"1","message":"RayProp sync: page 1 fetched — 1 listings so far","logger_name":"com.havyn.properties.rayprop.RayPropClient","thread_name":"Test worker","level":"INFO","level_value":20000,"service":"havyn-villa-api"}
{"@timestamp":"2026-08-10T13:34:19.6842805Z","@version":"1","message":"RayProp outgoing request: method=GET uri=https://api.rayprop.io/listings?limit=50&cursor=cursor_1 headers={x-api-key=[<redacted length=19 prefix=rp_sa>], Authorization=[Bearer <redacted length=19 prefix=rp_sa>], Content-Length=[0]}","logger_name":"com.havyn.properties.rayprop.RayPropClient","thread_name":"Test worker","level":"INFO","level_value":20000,"service":"havyn-villa-api"}
{"@timestamp":"2026-08-10T13:34:19.6854708Z","@version":"1","message":"RayProp sync: page 2 fetched — 2 listings so far","logger_name":"com.havyn.properties.rayprop.RayPropClient","thread_name":"Test worker","level":"INFO","level_value":20000,"service":"havyn-villa-api"}
{"@timestamp":"2026-08-10T13:34:19.6867725Z","@version":"1","message":"RayProp outgoing request: method=GET uri=https://api.rayprop.io/listings?limit=50&cursor=cursor_2 headers={x-api-key=[<redacted length=19 prefix=rp_sa>], Authorization=[Bearer <redacted length=19 prefix=rp_sa>], Content-Length=[0]}","logger_name":"com.havyn.properties.rayprop.RayPropClient","thread_name":"Test worker","level":"INFO","level_value":20000,"service":"havyn-villa-api"}
{"@timestamp":"2026-08-10T13:34:19.6872798Z","@version":"1","message":"RayProp sync: page 3 fetched — 3 listings so far","logger_name":"com.havyn.properties.rayprop.RayPropClient","thread_name":"Test worker","level":"INFO","level_value":20000,"service":"havyn-villa-api"}
{"@timestamp":"2026-08-10T13:34:19.690543Z","@version":"1","message":"RayProp RestClient interceptors before diagnostic logger: []","logger_name":"com.havyn.properties.rayprop.RayPropClient","thread_name":"Test worker","level":"INFO","level_value":20000,"service":"havyn-villa-api"}
{"@timestamp":"2026-08-10T13:34:19.690543Z","@version":"1","message":"RayProp RestClient interceptors after diagnostic logger: [com.havyn.properties.rayprop.RayPropClient$$Lambda/0x00000230d580f278]","logger_name":"com.havyn.properties.rayprop.RayPropClient","thread_name":"Test worker","level":"INFO","level_value":20000,"service":"havyn-villa-api"}
{"@timestamp":"2026-08-10T13:34:19.7292846Z","@version":"1","message":"RayProp outgoing request: method=GET uri=https://api.rayprop.io/listings?limit=50 headers={x-api-key=[<redacted length=19 prefix=rp_sa>], Authorization=[Bearer <redacted length=19 prefix=rp_sa>], Content-Length=[0]}","logger_name":"com.havyn.properties.rayprop.RayPropClient","thread_name":"Test worker","level":"INFO","level_value":20000,"service":"havyn-villa-api"}
{"@timestamp":"2026-08-10T13:34:19.7312821Z","@version":"1","message":"RayProp sync: page 1 fetched — 1 listings so far","logger_name":"com.havyn.properties.rayprop.RayPropClient","thread_name":"Test worker","level":"INFO","level_value":20000,"service":"havyn-villa-api"}
{"@timestamp":"2026-08-10T13:34:19.7324474Z","@version":"1","message":"RayProp outgoing request: method=GET uri=https://api.rayprop.io/listings?limit=50&page=2 headers={x-api-key=[<redacted length=19 prefix=rp_sa>], Authorization=[Bearer <redacted length=19 prefix=rp_sa>], Content-Length=[0]}","logger_name":"com.havyn.properties.rayprop.RayPropClient","thread_name":"Test worker","level":"INFO","level_value":20000,"service":"havyn-villa-api"}
{"@timestamp":"2026-08-10T13:34:19.7342813Z","@version":"1","message":"RayProp sync: page 2 fetched — 2 listings so far","logger_name":"com.havyn.properties.rayprop.RayPropClient","thread_name":"Test worker","level":"INFO","level_value":20000,"service":"havyn-villa-api"}
{"@timestamp":"2026-08-10T13:34:19.7354267Z","@version":"1","message":"RayProp sync: hit the configured safety cap of 2 pages (2 listings) with more pages still available — raise havyn.rayprop.max-pages if the daily quota allows it","logger_name":"com.havyn.properties.rayprop.RayPropClient","thread_name":"Test worker","level":"WARN","level_value":30000,"service":"havyn-villa-api"}
{"@timestamp":"2026-08-10T13:34:19.7373514Z","@version":"1","message":"RayProp RestClient interceptors before diagnostic logger: []","logger_name":"com.havyn.properties.rayprop.RayPropClient","thread_name":"Test worker","level":"INFO","level_value":20000,"service":"havyn-villa-api"}
{"@timestamp":"2026-08-10T13:34:19.7373514Z","@version":"1","message":"RayProp RestClient interceptors after diagnostic logger: [com.havyn.properties.rayprop.RayPropClient$$Lambda/0x00000230d580f278]","logger_name":"com.havyn.properties.rayprop.RayPropClient","thread_name":"Test worker","level":"INFO","level_value":20000,"service":"havyn-villa-api"}
{"@timestamp":"2026-08-10T13:34:19.7462866Z","@version":"1","message":"RayProp outgoing request: method=GET uri=https://api.rayprop.io/listings?limit=50 headers={x-api-key=[<redacted length=19 prefix=rp_sa>], Authorization=[Bearer <redacted length=19 prefix=rp_sa>], Content-Length=[0]}","logger_name":"com.havyn.properties.rayprop.RayPropClient","thread_name":"Test worker","level":"INFO","level_value":20000,"service":"havyn-villa-api"}
{"@timestamp":"2026-08-10T13:34:19.7592792Z","@version":"1","message":"RayProp sync: page 1 fetched — 1 listings so far","logger_name":"com.havyn.properties.rayprop.RayPropClient","thread_name":"Test worker","level":"INFO","level_value":20000,"service":"havyn-villa-api"}
{"@timestamp":"2026-08-10T13:34:19.7633491Z","@version":"1","message":"RayProp RestClient interceptors before diagnostic logger: []","logger_name":"com.havyn.properties.rayprop.RayPropClient","thread_name":"Test worker","level":"INFO","level_value":20000,"service":"havyn-villa-api"}
{"@timestamp":"2026-08-10T13:34:19.7642867Z","@version":"1","message":"RayProp RestClient interceptors after diagnostic logger: [com.havyn.properties.rayprop.RayPropClient$$Lambda/0x00000230d580f278]","logger_name":"com.havyn.properties.rayprop.RayPropClient","thread_name":"Test worker","level":"INFO","level_value":20000,"service":"havyn-villa-api"}
{"@timestamp":"2026-08-10T13:34:19.7712805Z","@version":"1","message":"RayProp outgoing request: method=GET uri=https://api.rayprop.io/listings?limit=50 headers={x-api-key=[<redacted length=19 prefix=rp_sa>], Authorization=[Bearer <redacted length=19 prefix=rp_sa>], Content-Length=[0]}","logger_name":"com.havyn.properties.rayprop.RayPropClient","thread_name":"Test worker","level":"INFO","level_value":20000,"service":"havyn-villa-api"}
{"@timestamp":"2026-08-10T13:34:19.7842807Z","@version":"1","message":"RayProp sync: page 1 fetched — 1 listings so far, daily quota 500/500 used","logger_name":"com.havyn.properties.rayprop.RayPropClient","thread_name":"Test worker","level":"INFO","level_value":20000,"service":"havyn-villa-api"}
{"@timestamp":"2026-08-10T13:34:19.7852782Z","@version":"1","message":"RayProp outgoing request: method=GET uri=https://api.rayprop.io/listings?limit=50&page=2 headers={x-api-key=[<redacted length=19 prefix=rp_sa>], Authorization=[Bearer <redacted length=19 prefix=rp_sa>], Content-Length=[0]}","logger_name":"com.havyn.properties.rayprop.RayPropClient","thread_name":"Test worker","level":"INFO","level_value":20000,"service":"havyn-villa-api"}
{"@timestamp":"2026-08-10T13:34:19.7872834Z","@version":"1","message":"RayProp API request failed: status=429 code=DAILY_LIMIT_REACHED body={\"success\":false,\"error\":{\"code\":\"DAILY_LIMIT_REACHED\",\"message\":\"Daily unique-listing limit reached\"}}","logger_name":"com.havyn.properties.rayprop.RayPropClient","thread_name":"Test worker","level":"WARN","level_value":30000,"service":"havyn-villa-api"}
{"@timestamp":"2026-08-10T13:34:19.7882816Z","@version":"1","message":"RayProp sync: daily unique-listing quota reached after 1 page(s), 1 listings fetched — stopping early (resets midnight UTC). Daily unique-listing limit reached","logger_name":"com.havyn.properties.rayprop.RayPropClient","thread_name":"Test worker","level":"WARN","level_value":30000,"service":"havyn-villa-api"}
{"@timestamp":"2026-08-10T13:34:19.7925964Z","@version":"1","message":"RayProp RestClient interceptors before diagnostic logger: []","logger_name":"com.havyn.properties.rayprop.RayPropClient","thread_name":"Test worker","level":"INFO","level_value":20000,"service":"havyn-villa-api"}
{"@timestamp":"2026-08-10T13:34:19.7932831Z","@version":"1","message":"RayProp RestClient interceptors after diagnostic logger: [com.havyn.properties.rayprop.RayPropClient$$Lambda/0x00000230d580f278]","logger_name":"com.havyn.properties.rayprop.RayPropClient","thread_name":"Test worker","level":"INFO","level_value":20000,"service":"havyn-villa-api"}
{"@timestamp":"2026-08-10T13:34:19.8022802Z","@version":"1","message":"RayProp outgoing request: method=GET uri=https://api.rayprop.io/listings?limit=50 headers={x-api-key=[<redacted length=19 prefix=rp_sa>], Authorization=[Bearer <redacted length=19 prefix=rp_sa>], Content-Length=[0]}","logger_name":"com.havyn.properties.rayprop.RayPropClient","thread_name":"Test worker","level":"INFO","level_value":20000,"service":"havyn-villa-api"}
{"@timestamp":"2026-08-10T13:34:19.8053404Z","@version":"1","message":"RayProp sync: page 1 fetched — 1 listings so far","logger_name":"com.havyn.properties.rayprop.RayPropClient","thread_name":"Test worker","level":"INFO","level_value":20000,"service":"havyn-villa-api"}
]]></system-out>
  <system-err><![CDATA[]]></system-err>
</testsuite>
