<?xml version="1.0" encoding="UTF-8"?>
<testsuite name="com.havyn.search.service.SearchServiceTest" tests="7" skipped="0" failures="0" errors="0" timestamp="2026-08-10T13:34:20.807Z" hostname="CHIDI" time="0.222">
  <properties/>
  <testcase name="rejectsACheckOutOnOrBeforeCheckIn()" classname="com.havyn.search.service.SearchServiceTest" time="0.005"/>
  <testcase name="roundsCoordinatesToApproximateLocationBeforeCaching_launchChecklistFix()" classname="com.havyn.search.service.SearchServiceTest" time="0.014"/>
  <testcase name="rejectsAMinPriceAboveMaxPrice()" classname="com.havyn.search.service.SearchServiceTest" time="0.002"/>
  <testcase name="queriesAndCachesOnACacheMiss()" classname="com.havyn.search.service.SearchServiceTest" time="0.002"/>
  <testcase name="rejectsACheckOutWithoutACheckIn()" classname="com.havyn.search.service.SearchServiceTest" time="0.002"/>
  <testcase name="rejectsACheckInWithoutACheckOut()" classname="com.havyn.search.service.SearchServiceTest" time="0.002"/>
  <testcase name="returnsTheCachedPageWithoutQueryingTheRepositoryOnACacheHit()" classname="com.havyn.search.service.SearchServiceTest" time="0.002"/>
  <system-out><![CDATA[]]></system-out>
  <system-err><![CDATA[]]></system-err>
</testsuite>
