<?xml version="1.0" encoding="UTF-8"?>
<testsuite name="com.havyn.admin.service.AdminPropertyServiceTest" tests="2" skipped="0" failures="0" errors="0" timestamp="2026-08-10T13:33:18.624Z" hostname="CHIDI" time="13.108">
  <properties/>
  <testcase name="suspend_transitionsAndRecordsAnAuditEntryWithTheReason()" classname="com.havyn.admin.service.AdminPropertyServiceTest" time="1.841"/>
  <testcase name="reject_transitionsPendingBackToDraft()" classname="com.havyn.admin.service.AdminPropertyServiceTest" time="0.008"/>
  <system-out><![CDATA[]]></system-out>
  <system-err><![CDATA[Mockito is currently self-attaching to enable the inline-mock-maker. This will no longer work in future releases of the JDK. Please add Mockito as an agent to your build as described in Mockito's documentation: https://javadoc.io/doc/org.mockito/mockito-core/latest/org.mockito/org/mockito/Mockito.html#0.3
WARNING: A Java agent has been loaded dynamically (C:\Users\user\.gradle\caches\modules-2\files-2.1\net.bytebuddy\byte-buddy-agent\1.17.6\17b32fd9f57deef02842f7f05abc4ad8127fe34e\byte-buddy-agent-1.17.6.jar)
WARNING: If a serviceability tool is in use, please run with -XX:+EnableDynamicAgentLoading to hide this warning
WARNING: If a serviceability tool is not in use, please run with -Djdk.instrument.traceUsage for more information
WARNING: Dynamic loading of agents will be disallowed by default in a future release
]]></system-err>
</testsuite>
