<?xml version="1.0" encoding="UTF-8"?>
<testsuite name="com.havyn.auth.domain.AuthServiceTest" tests="3" skipped="0" failures="0" errors="0" timestamp="2026-08-05T03:20:31.837Z" hostname="CHIDI" time="0.959">
  <properties/>
  <testcase name="successfulLogin_logsTheUserIdNotTheEmail()" classname="com.havyn.auth.domain.AuthServiceTest" time="0.178"/>
  <testcase name="failedLogin_theSameEmailAlwaysHashesTheSameWay_soOpsCanStillCorrelateRepeatedAttempts()" classname="com.havyn.auth.domain.AuthServiceTest" time="0.012"/>
  <testcase name="failedLogin_logsAHashOfTheEmail_neverTheRawAddress()" classname="com.havyn.auth.domain.AuthServiceTest" time="0.009"/>
  <system-out><![CDATA[04:20:32.700 [Test worker] INFO com.havyn.auth.domain.AuthService -- Login succeeded userId=65b409df-3235-4b14-b122-2cf71824b2f5
04:20:32.775 [Test worker] WARN com.havyn.auth.domain.AuthService -- Failed login attempt emailHash=2fde88c3a71f
04:20:32.781 [Test worker] WARN com.havyn.auth.domain.AuthService -- Failed login attempt emailHash=2fde88c3a71f
04:20:32.791 [Test worker] WARN com.havyn.auth.domain.AuthService -- Failed login attempt emailHash=ce5114aa16f0
]]></system-out>
  <system-err><![CDATA[]]></system-err>
</testsuite>
