<?xml version="1.0" encoding="UTF-8"?>
<testsuite name="com.havyn.hosts.service.HostDashboardServiceTest" tests="3" skipped="0" failures="0" errors="0" timestamp="2026-08-10T13:34:15.967Z" hostname="CHIDI" time="0.391">
  <properties/>
  <testcase name="summary_returnsZeroesForAHostWithNoDataYet()" classname="com.havyn.hosts.service.HostDashboardServiceTest" time="0.072"/>
  <testcase name="summary_sumsEarningsByCurrencyAndCountsPendingPayouts()" classname="com.havyn.hosts.service.HostDashboardServiceTest" time="0.006"/>
  <testcase name="summary_countsActiveAndTotalListingsAndAveragesOnlyRatedOnes()" classname="com.havyn.hosts.service.HostDashboardServiceTest" time="0.004"/>
  <system-out><![CDATA[]]></system-out>
  <system-err><![CDATA[]]></system-err>
</testsuite>
