<?xml version="1.0" encoding="UTF-8"?>
<testsuite name="com.havyn.reviews.service.ReviewServiceTest" tests="7" skipped="0" failures="0" errors="0" timestamp="2026-08-05T03:21:29.820Z" hostname="CHIDI" time="0.159">
  <properties/>
  <testcase name="create_rejectsWhenTheBookingIsNotCompleted()" classname="com.havyn.reviews.service.ReviewServiceTest" time="0.004"/>
  <testcase name="create_rejectsASecondReviewForTheSameBooking()" classname="com.havyn.reviews.service.ReviewServiceTest" time="0.003"/>
  <testcase name="create_rejectsWhenCallerIsNotTheBookingsGuest()" classname="com.havyn.reviews.service.ReviewServiceTest" time="0.002"/>
  <testcase name="create_rejectsWhenTheBookingDoesNotExist()" classname="com.havyn.reviews.service.ReviewServiceTest" time="0.003"/>
  <testcase name="create_savesTheReviewAndRecomputesTheAggregateRatingFromSource()" classname="com.havyn.reviews.service.ReviewServiceTest" time="0.003"/>
  <testcase name="create_appliesAZeroAggregateWhenNoReviewsExistYet()" classname="com.havyn.reviews.service.ReviewServiceTest" time="0.003"/>
  <testcase name="create_rejectsWhenTheBookingIsForADifferentProperty()" classname="com.havyn.reviews.service.ReviewServiceTest" time="0.005"/>
  <system-out><![CDATA[]]></system-out>
  <system-err><![CDATA[]]></system-err>
</testsuite>
