<?xml version="1.0" encoding="UTF-8"?>
<testsuite name="com.havyn.config.PasswordEncodingTest" tests="3" skipped="0" failures="0" errors="0" timestamp="2026-08-10T13:34:07.479Z" hostname="CHIDI" time="5.728">
  <properties/>
  <testcase name="encodedHashIsNeverTheRawPassword()" classname="com.havyn.config.PasswordEncodingTest" time="4.669"/>
  <testcase name="matchesTheOriginalPasswordAgainstItsHash()" classname="com.havyn.config.PasswordEncodingTest" time="0.371"/>
  <testcase name="sameInputProducesDifferentHashesBecauseOfRandomSalt()" classname="com.havyn.config.PasswordEncodingTest" time="0.679"/>
  <system-out><![CDATA[]]></system-out>
  <system-err><![CDATA[]]></system-err>
</testsuite>
