<?xml version="1.0" encoding="UTF-8"?>
<testsuite name="com.havyn.messaging.service.ConversationServiceTest" tests="9" skipped="0" failures="0" errors="0" timestamp="2026-08-05T03:21:26.577Z" hostname="CHIDI" time="0.45">
  <properties/>
  <testcase name="startOrContinue_linksAValidBooking()" classname="com.havyn.messaging.service.ConversationServiceTest" time="0.009"/>
  <testcase name="startOrContinue_createsANewConversationAndPublishesAMessageSentEventToTheHost()" classname="com.havyn.messaging.service.ConversationServiceTest" time="0.008"/>
  <testcase name="startOrContinue_rejectsWhenHostMessagesOwnListing()" classname="com.havyn.messaging.service.ConversationServiceTest" time="0.07"/>
  <testcase name="sendMessage_rejectsANonParticipant()" classname="com.havyn.messaging.service.ConversationServiceTest" time="0.003"/>
  <testcase name="sendMessage_fromTheHostNotifiesTheGuest()" classname="com.havyn.messaging.service.ConversationServiceTest" time="0.004"/>
  <testcase name="sendMessage_rejectsAMissingConversation()" classname="com.havyn.messaging.service.ConversationServiceTest" time="0.003"/>
  <testcase name="startOrContinue_reusesTheExistingThreadForTheSamePropertyAndGuest()" classname="com.havyn.messaging.service.ConversationServiceTest" time="0.002"/>
  <testcase name="markRead_marksOnlyMessagesNotSentByTheCaller()" classname="com.havyn.messaging.service.ConversationServiceTest" time="0.006"/>
  <testcase name="startOrContinue_rejectsABookingThatBelongsToSomeoneElse()" classname="com.havyn.messaging.service.ConversationServiceTest" time="0.005"/>
  <system-out><![CDATA[]]></system-out>
  <system-err><![CDATA[]]></system-err>
</testsuite>
