<?xml version="1.0" encoding="UTF-8"?>
<testsuite name="com.havyn.audit.service.AuditLogServiceTest" tests="2" skipped="0" failures="0" errors="0" timestamp="2026-08-10T13:33:35.169Z" hostname="CHIDI" time="1.798">
  <properties/>
  <testcase name="record_serializesBeforeAndAfterSnapshotsAsJson()" classname="com.havyn.audit.service.AuditLogServiceTest" time="0.275"/>
  <testcase name="record_handlesNullBeforeAndAfter()" classname="com.havyn.audit.service.AuditLogServiceTest" time="0.009"/>
  <system-out><![CDATA[]]></system-out>
  <system-err><![CDATA[]]></system-err>
</testsuite>
