<?xml version="1.0" encoding="UTF-8"?>
<testsuite name="com.havyn.payments.provider.paystack.PaystackPaymentProviderTest" tests="9" skipped="0" failures="0" errors="0" timestamp="2026-08-05T03:21:27.485Z" hostname="CHIDI" time="0.126">
  <properties/>
  <testcase name="parseWebhook_acceptsAValidSignatureAndParsesChargeSuccess()" classname="com.havyn.payments.provider.paystack.PaystackPaymentProviderTest" time="0.018"/>
  <testcase name="parseWebhook_rejectsASignatureComputedWithTheWrongSecret()" classname="com.havyn.payments.provider.paystack.PaystackPaymentProviderTest" time="0.018"/>
  <testcase name="createIntent_sendsAmountInKoboAndParsesTheCheckoutUrl()" classname="com.havyn.payments.provider.paystack.PaystackPaymentProviderTest" time="0.013"/>
  <testcase name="parseWebhook_classifiesAnUnrecognizedEventAsUnknownRatherThanFailing()" classname="com.havyn.payments.provider.paystack.PaystackPaymentProviderTest" time="0.009"/>
  <testcase name="refund_sendsTheOriginalReferenceAndParsesSuccess()" classname="com.havyn.payments.provider.paystack.PaystackPaymentProviderTest" time="0.025"/>
  <testcase name="name_isPaystack()" classname="com.havyn.payments.provider.paystack.PaystackPaymentProviderTest" time="0.006"/>
  <testcase name="parseWebhook_rejectsAMissingSignatureHeader()" classname="com.havyn.payments.provider.paystack.PaystackPaymentProviderTest" time="0.008"/>
  <testcase name="parseWebhook_rejectsATamperedBody()" classname="com.havyn.payments.provider.paystack.PaystackPaymentProviderTest" time="0.007"/>
  <testcase name="parseWebhook_mapsChargeFailed()" classname="com.havyn.payments.provider.paystack.PaystackPaymentProviderTest" time="0.012"/>
  <system-out><![CDATA[{"@timestamp":"2026-08-05T03:21:27.5240529Z","@version":"1","message":"Rejected paystack webhook: invalid or missing signature","logger_name":"com.havyn.payments.provider.paystack.PaystackPaymentProvider","thread_name":"Test worker","level":"WARN","level_value":30000,"service":"havyn-villa-api"}
{"@timestamp":"2026-08-05T03:21:27.590059Z","@version":"1","message":"Rejected paystack webhook: invalid or missing signature","logger_name":"com.havyn.payments.provider.paystack.PaystackPaymentProvider","thread_name":"Test worker","level":"WARN","level_value":30000,"service":"havyn-villa-api"}
{"@timestamp":"2026-08-05T03:21:27.5980551Z","@version":"1","message":"Rejected paystack webhook: invalid or missing signature","logger_name":"com.havyn.payments.provider.paystack.PaystackPaymentProvider","thread_name":"Test worker","level":"WARN","level_value":30000,"service":"havyn-villa-api"}
]]></system-out>
  <system-err><![CDATA[]]></system-err>
</testsuite>
