<?xml version="1.0" encoding="UTF-8"?>
<testsuite name="com.havyn.payments.service.PaymentServiceTest" tests="11" skipped="0" failures="0" errors="0" timestamp="2026-08-05T03:21:27.612Z" hostname="CHIDI" time="0.592">
  <properties/>
  <testcase name="createIntent_rejectsWhenCallerIsNotTheGuest()" classname="com.havyn.payments.service.PaymentServiceTest" time="0.003"/>
  <testcase name="createIntent_createsAPendingPaymentAndReturnsTheCheckoutUrl()" classname="com.havyn.payments.service.PaymentServiceTest" time="0.007"/>
  <testcase name="onBookingRefundDue_callsTheProviderAndRecordsASucceededRefund()" classname="com.havyn.payments.service.PaymentServiceTest" time="0.005"/>
  <testcase name="createIntent_rejectsWhenTheBookingIsNotPending()" classname="com.havyn.payments.service.PaymentServiceTest" time="0.008"/>
  <testcase name="handleWebhook_skipsPayoutAccrualWhenTheBookingWasAlreadyConfirmed()" classname="com.havyn.payments.service.PaymentServiceTest" time="0.009"/>
  <testcase name="createIntent_rejectsWhenTheHoldHasExpired()" classname="com.havyn.payments.service.PaymentServiceTest" time="0.005"/>
  <testcase name="handleWebhook_onChargeSucceeded_confirmsTheBookingAndAccruesAPayout()" classname="com.havyn.payments.service.PaymentServiceTest" time="0.008"/>
  <testcase name="handleWebhook_ignoresAnEventForAnUnknownReference()" classname="com.havyn.payments.service.PaymentServiceTest" time="0.004"/>
  <testcase name="handleWebhook_onChargeFailed_marksThePaymentFailed()" classname="com.havyn.payments.service.PaymentServiceTest" time="0.008"/>
  <testcase name="handleWebhook_isIdempotentForAnAlreadyTerminalPayment()" classname="com.havyn.payments.service.PaymentServiceTest" time="0.004"/>
  <testcase name="onBookingRefundDue_doesNothingWhenNoPaymentEverSucceeded()" classname="com.havyn.payments.service.PaymentServiceTest" time="0.002"/>
  <system-out><![CDATA[{"@timestamp":"2026-08-05T03:21:28.1590608Z","@version":"1","message":"Received paystack webhook type=CHARGE_SUCCEEDED ref=ref-123","logger_name":"com.havyn.payments.service.PaymentService","thread_name":"Test worker","level":"INFO","level_value":20000,"service":"havyn-villa-api"}
{"@timestamp":"2026-08-05T03:21:28.1750554Z","@version":"1","message":"Received paystack webhook type=CHARGE_SUCCEEDED ref=ref-123","logger_name":"com.havyn.payments.service.PaymentService","thread_name":"Test worker","level":"INFO","level_value":20000,"service":"havyn-villa-api"}
{"@timestamp":"2026-08-05T03:21:28.1820589Z","@version":"1","message":"Received paystack webhook type=CHARGE_SUCCEEDED ref=unknown-ref","logger_name":"com.havyn.payments.service.PaymentService","thread_name":"Test worker","level":"INFO","level_value":20000,"service":"havyn-villa-api"}
{"@timestamp":"2026-08-05T03:21:28.1830548Z","@version":"1","message":"Webhook ref=unknown-ref doesn't match any known payment — ignoring","logger_name":"com.havyn.payments.service.PaymentService","thread_name":"Test worker","level":"WARN","level_value":30000,"service":"havyn-villa-api"}
{"@timestamp":"2026-08-05T03:21:28.1880589Z","@version":"1","message":"Received paystack webhook type=CHARGE_FAILED ref=ref-123","logger_name":"com.havyn.payments.service.PaymentService","thread_name":"Test worker","level":"INFO","level_value":20000,"service":"havyn-villa-api"}
{"@timestamp":"2026-08-05T03:21:28.1980573Z","@version":"1","message":"Received paystack webhook type=CHARGE_SUCCEEDED ref=ref-123","logger_name":"com.havyn.payments.service.PaymentService","thread_name":"Test worker","level":"INFO","level_value":20000,"service":"havyn-villa-api"}
{"@timestamp":"2026-08-05T03:21:28.1990606Z","@version":"1","message":"Ignoring webhook for already-terminal paymentId=null (retried/duplicate delivery)","logger_name":"com.havyn.payments.service.PaymentService","thread_name":"Test worker","level":"INFO","level_value":20000,"service":"havyn-villa-api"}
]]></system-out>
  <system-err><![CDATA[]]></system-err>
</testsuite>
