<?xml version="1.0" encoding="UTF-8"?>
<testsuite name="com.havyn.admin.service.AdminUserServiceTest" tests="6" skipped="0" failures="0" errors="0" timestamp="2026-08-10T13:33:32.828Z" hostname="CHIDI" time="1.133">
  <properties/>
  <testcase name="suspend_rejectsAMissingUser()" classname="com.havyn.admin.service.AdminUserServiceTest" time="0.009"/>
  <testcase name="grantRole_addsTheRoleAndRecordsAnAuditEntry()" classname="com.havyn.admin.service.AdminUserServiceTest" time="0.206"/>
  <testcase name="grantRole_rejectsAnUngrantableRoleCode()" classname="com.havyn.admin.service.AdminUserServiceTest" time="0.003"/>
  <testcase name="suspendThenReactivate_flipsUserStatus()" classname="com.havyn.admin.service.AdminUserServiceTest" time="0.021"/>
  <testcase name="revokeRole_removesTheRole()" classname="com.havyn.admin.service.AdminUserServiceTest" time="0.04"/>
  <testcase name="revokeRole_rejectsAnAdminRevokingTheirOwnAdminRole()" classname="com.havyn.admin.service.AdminUserServiceTest" time="0.004"/>
  <system-out><![CDATA[]]></system-out>
  <system-err><![CDATA[]]></system-err>
</testsuite>
