<?xml version="1.0" encoding="UTF-8"?>
<testsuite name="com.havyn.media.service.CloudinaryUrlBuilderTest" tests="5" skipped="0" failures="0" errors="0" timestamp="2026-08-10T13:34:16.512Z" hostname="CHIDI" time="0.023">
  <properties/>
  <testcase name="heroUrlUsesTheWidescreenSize()" classname="com.havyn.media.service.CloudinaryUrlBuilderTest" time="0.004"/>
  <testcase name="cardUrlInsertsTheFillTransformationRightAfterUpload()" classname="com.havyn.media.service.CloudinaryUrlBuilderTest" time="0.001"/>
  <testcase name="thumbUrlUsesTheSmallSize()" classname="com.havyn.media.service.CloudinaryUrlBuilderTest" time="0.004"/>
  <testcase name="returnsTheUrlUnchangedWhenItIsNotARecognizableCloudinaryDeliveryUrl()" classname="com.havyn.media.service.CloudinaryUrlBuilderTest" time="0.001"/>
  <testcase name="videoPosterUrlKeepsTheVideoResourceTypeButSwapsTheExtensionToJpg()" classname="com.havyn.media.service.CloudinaryUrlBuilderTest" time="0.001"/>
  <system-out><![CDATA[]]></system-out>
  <system-err><![CDATA[]]></system-err>
</testsuite>
