<?xml version="1.0" encoding="UTF-8"?>
<testsuite name="com.havyn.media.storage.cloudinary.CloudinaryMediaStorageTest" tests="4" skipped="0" failures="0" errors="0" timestamp="2026-08-05T08:19:45.265Z" hostname="CHIDI" time="0.228">
  <properties/>
  <testcase name="createSignedUpload_signsExactlyTheFolderAndTimestampParams()" classname="com.havyn.media.storage.cloudinary.CloudinaryMediaStorageTest" time="0.106"/>
  <testcase name="createSignedUpload_neverIncludesTheApiSecretInTheReturnedValue()" classname="com.havyn.media.storage.cloudinary.CloudinaryMediaStorageTest" time="0.028"/>
  <testcase name="deleteAsset_sendsTheCorrectlySignedDestroyRequest()" classname="com.havyn.media.storage.cloudinary.CloudinaryMediaStorageTest" time="0.084"/>
  <testcase name="isValidAssetUrl_acceptsOnlyUrlsFromTheConfiguredCloud()" classname="com.havyn.media.storage.cloudinary.CloudinaryMediaStorageTest" time="0.006"/>
  <system-out><![CDATA[]]></system-out>
  <system-err><![CDATA[]]></system-err>
</testsuite>
