<?xml version="1.0" encoding="UTF-8"?>
<testsuite name="com.havyn.auth.domain.JwtServiceTest" tests="5" skipped="0" failures="0" errors="0" timestamp="2026-08-05T03:20:32.799Z" hostname="CHIDI" time="1.717">
  <properties/>
  <testcase name="issuesAndParsesARefreshTokenRoundTrip()" classname="com.havyn.auth.domain.JwtServiceTest" time="1.655"/>
  <testcase name="rejectsATamperedToken()" classname="com.havyn.auth.domain.JwtServiceTest" time="0.033"/>
  <testcase name="rejectsAnExpiredToken()" classname="com.havyn.auth.domain.JwtServiceTest" time="0.013"/>
  <testcase name="rejectsARefreshTokenPresentedToTheAccessParser()" classname="com.havyn.auth.domain.JwtServiceTest" time="0.005"/>
  <testcase name="issuesAndParsesAnAccessTokenRoundTrip()" classname="com.havyn.auth.domain.JwtServiceTest" time="0.006"/>
  <system-out><![CDATA[]]></system-out>
  <system-err><![CDATA[]]></system-err>
</testsuite>
