<?xml version="1.0" encoding="UTF-8"?>
<testsuite name="com.havyn.admin.service.AdminSettingsServiceTest" tests="7" skipped="0" failures="0" errors="0" timestamp="2026-08-10T13:33:31.783Z" hostname="CHIDI" time="1.037">
  <properties/>
  <testcase name="update_rejectsANonNumericCommissionPct()" classname="com.havyn.admin.service.AdminSettingsServiceTest" time="0.109"/>
  <testcase name="update_rejectsANonBooleanValueForBookingsEnabled()" classname="com.havyn.admin.service.AdminSettingsServiceTest" time="0.005"/>
  <testcase name="update_rejectsACommissionPctOutOfRange()" classname="com.havyn.admin.service.AdminSettingsServiceTest" time="0.023"/>
  <testcase name="update_appliesTheBookingsEnabledKillSwitch_launchChecklistFix()" classname="com.havyn.admin.service.AdminSettingsServiceTest" time="0.013"/>
  <testcase name="update_appliesAValidNewCommissionPct()" classname="com.havyn.admin.service.AdminSettingsServiceTest" time="0.004"/>
  <testcase name="update_rejectsABlankValue()" classname="com.havyn.admin.service.AdminSettingsServiceTest" time="0.004"/>
  <testcase name="update_rejectsAMissingSetting()" classname="com.havyn.admin.service.AdminSettingsServiceTest" time="0.008"/>
  <system-out><![CDATA[]]></system-out>
  <system-err><![CDATA[]]></system-err>
</testsuite>
