<?xml version="1.0" encoding="UTF-8"?>
<testsuite name="com.havyn.hosts.service.HostOnboardingServiceTest" tests="4" skipped="0" failures="0" errors="0" timestamp="2026-08-05T08:19:44.552Z" hostname="CHIDI" time="0.191">
  <properties/>
  <testcase name="becomeHost_rejectsWhenUserNotFound()" classname="com.havyn.hosts.service.HostOnboardingServiceTest" time="0.003"/>
  <testcase name="becomeHost_grantsTheHostRoleAndReissuesTokens()" classname="com.havyn.hosts.service.HostOnboardingServiceTest" time="0.009"/>
  <testcase name="becomeHost_isIdempotentForAnAlreadyHostUser()" classname="com.havyn.hosts.service.HostOnboardingServiceTest" time="0.003"/>
  <testcase name="becomeHost_rejectsAnUnverifiedEmail()" classname="com.havyn.hosts.service.HostOnboardingServiceTest" time="0.002"/>
  <system-out><![CDATA[]]></system-out>
  <system-err><![CDATA[]]></system-err>
</testsuite>
