<?xml version="1.0" encoding="UTF-8"?>
<testsuite name="com.havyn.payments.service.PaymentServiceTest" tests="11" skipped="0" failures="0" errors="0" timestamp="2026-08-05T08:19:46.428Z" hostname="CHIDI" time="0.828">
  <properties/>
  <testcase name="createIntent_rejectsWhenCallerIsNotTheGuest()" classname="com.havyn.payments.service.PaymentServiceTest" time="0.007"/>
  <testcase name="createIntent_createsAPendingPaymentAndReturnsTheCheckoutUrl()" classname="com.havyn.payments.service.PaymentServiceTest" time="0.026"/>
  <testcase name="onBookingRefundDue_callsTheProviderAndRecordsASucceededRefund()" classname="com.havyn.payments.service.PaymentServiceTest" time="0.013"/>
  <testcase name="createIntent_rejectsWhenTheBookingIsNotPending()" classname="com.havyn.payments.service.PaymentServiceTest" time="0.004"/>
  <testcase name="handleWebhook_skipsPayoutAccrualWhenTheBookingWasAlreadyConfirmed()" classname="com.havyn.payments.service.PaymentServiceTest" time="0.008"/>
  <testcase name="createIntent_rejectsWhenTheHoldHasExpired()" classname="com.havyn.payments.service.PaymentServiceTest" time="0.004"/>
  <testcase name="handleWebhook_onChargeSucceeded_confirmsTheBookingAndAccruesAPayout()" classname="com.havyn.payments.service.PaymentServiceTest" time="0.008"/>
  <testcase name="handleWebhook_ignoresAnEventForAnUnknownReference()" classname="com.havyn.payments.service.PaymentServiceTest" time="0.006"/>
  <testcase name="handleWebhook_onChargeFailed_marksThePaymentFailed()" classname="com.havyn.payments.service.PaymentServiceTest" time="0.009"/>
  <testcase name="handleWebhook_isIdempotentForAnAlreadyTerminalPayment()" classname="com.havyn.payments.service.PaymentServiceTest" time="0.005"/>
  <testcase name="onBookingRefundDue_doesNothingWhenNoPaymentEverSucceeded()" classname="com.havyn.payments.service.PaymentServiceTest" time="0.004"/>
  <system-out><![CDATA[{"@timestamp":"2026-08-05T08:19:47.1851568Z","@version":"1","message":"Received paystack webhook type=CHARGE_SUCCEEDED ref=ref-123","logger_name":"com.havyn.payments.service.PaymentService","thread_name":"Test worker","level":"INFO","level_value":20000,"service":"havyn-villa-api"}
{"@timestamp":"2026-08-05T08:19:47.2081472Z","@version":"1","message":"Received paystack webhook type=CHARGE_SUCCEEDED ref=ref-123","logger_name":"com.havyn.payments.service.PaymentService","thread_name":"Test worker","level":"INFO","level_value":20000,"service":"havyn-villa-api"}
{"@timestamp":"2026-08-05T08:19:47.2151511Z","@version":"1","message":"Received paystack webhook type=CHARGE_SUCCEEDED ref=unknown-ref","logger_name":"com.havyn.payments.service.PaymentService","thread_name":"Test worker","level":"INFO","level_value":20000,"service":"havyn-villa-api"}
{"@timestamp":"2026-08-05T08:19:47.2161486Z","@version":"1","message":"Webhook ref=unknown-ref doesn't match any known payment — ignoring","logger_name":"com.havyn.payments.service.PaymentService","thread_name":"Test worker","level":"WARN","level_value":30000,"service":"havyn-villa-api"}
{"@timestamp":"2026-08-05T08:19:47.226152Z","@version":"1","message":"Received paystack webhook type=CHARGE_FAILED ref=ref-123","logger_name":"com.havyn.payments.service.PaymentService","thread_name":"Test worker","level":"INFO","level_value":20000,"service":"havyn-villa-api"}
{"@timestamp":"2026-08-05T08:19:47.2391512Z","@version":"1","message":"Received paystack webhook type=CHARGE_SUCCEEDED ref=ref-123","logger_name":"com.havyn.payments.service.PaymentService","thread_name":"Test worker","level":"INFO","level_value":20000,"service":"havyn-villa-api"}
{"@timestamp":"2026-08-05T08:19:47.2401463Z","@version":"1","message":"Ignoring webhook for already-terminal paymentId=null (retried/duplicate delivery)","logger_name":"com.havyn.payments.service.PaymentService","thread_name":"Test worker","level":"INFO","level_value":20000,"service":"havyn-villa-api"}
]]></system-out>
  <system-err><![CDATA[]]></system-err>
</testsuite>
