<?xml version="1.0" encoding="UTF-8"?>
<testsuite name="com.havyn.properties.rayprop.RayPropClientTest" tests="8" skipped="0" failures="0" errors="0" timestamp="2026-08-05T03:21:28.361Z" hostname="CHIDI" time="0.678">
  <properties/>
  <testcase name="fetchAllListings_retriesATransientRateLimit_andSucceedsOnTheNextAttempt()" classname="com.havyn.properties.rayprop.RayPropClientTest" time="0.574"/>
  <testcase name="fetchAllListings_capturesTheDailyQuotaDataAccessBlock()" classname="com.havyn.properties.rayprop.RayPropClientTest" time="0.019"/>
  <testcase name="fetchAllListings_propagatesARealFailure_insteadOfSwallowingIt()" classname="com.havyn.properties.rayprop.RayPropClientTest" time="0.02"/>
  <testcase name="fetchAllListings_walksEveryPage_untilHasMoreIsFalse()" classname="com.havyn.properties.rayprop.RayPropClientTest" time="0.013"/>
  <testcase name="fetchAllListings_stopsAtTheConfiguredSafetyCap_ifHasMoreNeverGoesFalse()" classname="com.havyn.properties.rayprop.RayPropClientTest" time="0.011"/>
  <testcase name="fetchAllListings_sendsTheApiKeyHeaderAndDocumentedQueryParams()" classname="com.havyn.properties.rayprop.RayPropClientTest" time="0.013"/>
  <testcase name="fetchAllListings_stopsGracefullyAndKeepsPriorPages_onDailyLimitReached()" classname="com.havyn.properties.rayprop.RayPropClientTest" time="0.012"/>
  <testcase name="fetchAllListings_stopsAssoonAsHasMoreIsFalse_withoutRequestingANextPage()" classname="com.havyn.properties.rayprop.RayPropClientTest" time="0.01"/>
  <system-out><![CDATA[{"@timestamp":"2026-08-05T03:21:28.3720556Z","@version":"1","message":"RayProp RestClient interceptors before diagnostic logger: []","logger_name":"com.havyn.properties.rayprop.RayPropClient","thread_name":"Test worker","level":"INFO","level_value":20000,"service":"havyn-villa-api"}
{"@timestamp":"2026-08-05T03:21:28.3780621Z","@version":"1","message":"RayProp RestClient interceptors after diagnostic logger: [com.havyn.properties.rayprop.RayPropClient$$Lambda/0x00000252a67dc250]","logger_name":"com.havyn.properties.rayprop.RayPropClient","thread_name":"Test worker","level":"INFO","level_value":20000,"service":"havyn-villa-api"}
{"@timestamp":"2026-08-05T03:21:28.4030559Z","@version":"1","message":"RayProp outgoing request: method=GET uri=https://api.rayprop.io/listings?limit=50 headers={x-api-key=[<redacted length=19 prefix=rp_sa>], Authorization=[Bearer <redacted length=19 prefix=rp_sa>], Content-Length=[0]}","logger_name":"com.havyn.properties.rayprop.RayPropClient","thread_name":"Test worker","level":"INFO","level_value":20000,"service":"havyn-villa-api"}
{"@timestamp":"2026-08-05T03:21:28.4070543Z","@version":"1","message":"RayProp API request failed: status=429 code=RATE_LIMIT_EXCEEDED body={\"success\":false,\"error\":{\"code\":\"RATE_LIMIT_EXCEEDED\",\"message\":\"Too many requests per second\"}}","logger_name":"com.havyn.properties.rayprop.RayPropClient","thread_name":"Test worker","level":"WARN","level_value":30000,"service":"havyn-villa-api"}
{"@timestamp":"2026-08-05T03:21:28.4080542Z","@version":"1","message":"RayProp sync: rate limited fetching page 1 (attempt 1/3), retrying in 500ms","logger_name":"com.havyn.properties.rayprop.RayPropClient","thread_name":"Test worker","level":"WARN","level_value":30000,"service":"havyn-villa-api"}
{"@timestamp":"2026-08-05T03:21:28.9140529Z","@version":"1","message":"RayProp outgoing request: method=GET uri=https://api.rayprop.io/listings?limit=50 headers={x-api-key=[<redacted length=19 prefix=rp_sa>], Authorization=[Bearer <redacted length=19 prefix=rp_sa>], Content-Length=[0]}","logger_name":"com.havyn.properties.rayprop.RayPropClient","thread_name":"Test worker","level":"INFO","level_value":20000,"service":"havyn-villa-api"}
{"@timestamp":"2026-08-05T03:21:28.9250533Z","@version":"1","message":"RayProp sync: page 1 fetched — 1 listings so far","logger_name":"com.havyn.properties.rayprop.RayPropClient","thread_name":"Test worker","level":"INFO","level_value":20000,"service":"havyn-villa-api"}
{"@timestamp":"2026-08-05T03:21:28.9390536Z","@version":"1","message":"RayProp RestClient interceptors before diagnostic logger: []","logger_name":"com.havyn.properties.rayprop.RayPropClient","thread_name":"Test worker","level":"INFO","level_value":20000,"service":"havyn-villa-api"}
{"@timestamp":"2026-08-05T03:21:28.9400537Z","@version":"1","message":"RayProp RestClient interceptors after diagnostic logger: [com.havyn.properties.rayprop.RayPropClient$$Lambda/0x00000252a67dc250]","logger_name":"com.havyn.properties.rayprop.RayPropClient","thread_name":"Test worker","level":"INFO","level_value":20000,"service":"havyn-villa-api"}
{"@timestamp":"2026-08-05T03:21:28.9530519Z","@version":"1","message":"RayProp outgoing request: method=GET uri=https://api.rayprop.io/listings?limit=50 headers={x-api-key=[<redacted length=19 prefix=rp_sa>], Authorization=[Bearer <redacted length=19 prefix=rp_sa>], Content-Length=[0]}","logger_name":"com.havyn.properties.rayprop.RayPropClient","thread_name":"Test worker","level":"INFO","level_value":20000,"service":"havyn-villa-api"}
{"@timestamp":"2026-08-05T03:21:28.9550567Z","@version":"1","message":"RayProp sync: page 1 fetched — 1 listings so far, daily quota 45/500 used","logger_name":"com.havyn.properties.rayprop.RayPropClient","thread_name":"Test worker","level":"INFO","level_value":20000,"service":"havyn-villa-api"}
{"@timestamp":"2026-08-05T03:21:28.9580572Z","@version":"1","message":"RayProp RestClient interceptors before diagnostic logger: []","logger_name":"com.havyn.properties.rayprop.RayPropClient","thread_name":"Test worker","level":"INFO","level_value":20000,"service":"havyn-villa-api"}
{"@timestamp":"2026-08-05T03:21:28.9590587Z","@version":"1","message":"RayProp RestClient interceptors after diagnostic logger: [com.havyn.properties.rayprop.RayPropClient$$Lambda/0x00000252a67dc250]","logger_name":"com.havyn.properties.rayprop.RayPropClient","thread_name":"Test worker","level":"INFO","level_value":20000,"service":"havyn-villa-api"}
{"@timestamp":"2026-08-05T03:21:28.9700512Z","@version":"1","message":"RayProp outgoing request: method=GET uri=https://api.rayprop.io/listings?limit=50 headers={x-api-key=[<redacted length=19 prefix=rp_sa>], Authorization=[Bearer <redacted length=19 prefix=rp_sa>], Content-Length=[0]}","logger_name":"com.havyn.properties.rayprop.RayPropClient","thread_name":"Test worker","level":"INFO","level_value":20000,"service":"havyn-villa-api"}
{"@timestamp":"2026-08-05T03:21:28.9720525Z","@version":"1","message":"RayProp API request failed: status=401 code=INVALID_API_KEY body={\"success\":false,\"error\":{\"code\":\"INVALID_API_KEY\",\"message\":\"Invalid or revoked API key\"}}","logger_name":"com.havyn.properties.rayprop.RayPropClient","thread_name":"Test worker","level":"WARN","level_value":30000,"service":"havyn-villa-api"}
{"@timestamp":"2026-08-05T03:21:28.9780604Z","@version":"1","message":"RayProp RestClient interceptors before diagnostic logger: []","logger_name":"com.havyn.properties.rayprop.RayPropClient","thread_name":"Test worker","level":"INFO","level_value":20000,"service":"havyn-villa-api"}
{"@timestamp":"2026-08-05T03:21:28.979055Z","@version":"1","message":"RayProp RestClient interceptors after diagnostic logger: [com.havyn.properties.rayprop.RayPropClient$$Lambda/0x00000252a67dc250]","logger_name":"com.havyn.properties.rayprop.RayPropClient","thread_name":"Test worker","level":"INFO","level_value":20000,"service":"havyn-villa-api"}
{"@timestamp":"2026-08-05T03:21:28.9850579Z","@version":"1","message":"RayProp outgoing request: method=GET uri=https://api.rayprop.io/listings?limit=50 headers={x-api-key=[<redacted length=19 prefix=rp_sa>], Authorization=[Bearer <redacted length=19 prefix=rp_sa>], Content-Length=[0]}","logger_name":"com.havyn.properties.rayprop.RayPropClient","thread_name":"Test worker","level":"INFO","level_value":20000,"service":"havyn-villa-api"}
{"@timestamp":"2026-08-05T03:21:28.9860571Z","@version":"1","message":"RayProp sync: page 1 fetched — 1 listings so far","logger_name":"com.havyn.properties.rayprop.RayPropClient","thread_name":"Test worker","level":"INFO","level_value":20000,"service":"havyn-villa-api"}
{"@timestamp":"2026-08-05T03:21:28.9870568Z","@version":"1","message":"RayProp outgoing request: method=GET uri=https://api.rayprop.io/listings?limit=50&cursor=cursor_1 headers={x-api-key=[<redacted length=19 prefix=rp_sa>], Authorization=[Bearer <redacted length=19 prefix=rp_sa>], Content-Length=[0]}","logger_name":"com.havyn.properties.rayprop.RayPropClient","thread_name":"Test worker","level":"INFO","level_value":20000,"service":"havyn-villa-api"}
{"@timestamp":"2026-08-05T03:21:28.9880545Z","@version":"1","message":"RayProp sync: page 2 fetched — 2 listings so far","logger_name":"com.havyn.properties.rayprop.RayPropClient","thread_name":"Test worker","level":"INFO","level_value":20000,"service":"havyn-villa-api"}
{"@timestamp":"2026-08-05T03:21:28.989056Z","@version":"1","message":"RayProp outgoing request: method=GET uri=https://api.rayprop.io/listings?limit=50&cursor=cursor_2 headers={x-api-key=[<redacted length=19 prefix=rp_sa>], Authorization=[Bearer <redacted length=19 prefix=rp_sa>], Content-Length=[0]}","logger_name":"com.havyn.properties.rayprop.RayPropClient","thread_name":"Test worker","level":"INFO","level_value":20000,"service":"havyn-villa-api"}
{"@timestamp":"2026-08-05T03:21:28.9900571Z","@version":"1","message":"RayProp sync: page 3 fetched — 3 listings so far","logger_name":"com.havyn.properties.rayprop.RayPropClient","thread_name":"Test worker","level":"INFO","level_value":20000,"service":"havyn-villa-api"}
{"@timestamp":"2026-08-05T03:21:28.9920577Z","@version":"1","message":"RayProp RestClient interceptors before diagnostic logger: []","logger_name":"com.havyn.properties.rayprop.RayPropClient","thread_name":"Test worker","level":"INFO","level_value":20000,"service":"havyn-villa-api"}
{"@timestamp":"2026-08-05T03:21:28.9930566Z","@version":"1","message":"RayProp RestClient interceptors after diagnostic logger: [com.havyn.properties.rayprop.RayPropClient$$Lambda/0x00000252a67dc250]","logger_name":"com.havyn.properties.rayprop.RayPropClient","thread_name":"Test worker","level":"INFO","level_value":20000,"service":"havyn-villa-api"}
{"@timestamp":"2026-08-05T03:21:28.9990602Z","@version":"1","message":"RayProp outgoing request: method=GET uri=https://api.rayprop.io/listings?limit=50 headers={x-api-key=[<redacted length=19 prefix=rp_sa>], Authorization=[Bearer <redacted length=19 prefix=rp_sa>], Content-Length=[0]}","logger_name":"com.havyn.properties.rayprop.RayPropClient","thread_name":"Test worker","level":"INFO","level_value":20000,"service":"havyn-villa-api"}
{"@timestamp":"2026-08-05T03:21:29.0000571Z","@version":"1","message":"RayProp sync: page 1 fetched — 1 listings so far","logger_name":"com.havyn.properties.rayprop.RayPropClient","thread_name":"Test worker","level":"INFO","level_value":20000,"service":"havyn-villa-api"}
{"@timestamp":"2026-08-05T03:21:29.0010579Z","@version":"1","message":"RayProp outgoing request: method=GET uri=https://api.rayprop.io/listings?limit=50&page=2 headers={x-api-key=[<redacted length=19 prefix=rp_sa>], Authorization=[Bearer <redacted length=19 prefix=rp_sa>], Content-Length=[0]}","logger_name":"com.havyn.properties.rayprop.RayPropClient","thread_name":"Test worker","level":"INFO","level_value":20000,"service":"havyn-villa-api"}
{"@timestamp":"2026-08-05T03:21:29.0020564Z","@version":"1","message":"RayProp sync: page 2 fetched — 2 listings so far","logger_name":"com.havyn.properties.rayprop.RayPropClient","thread_name":"Test worker","level":"INFO","level_value":20000,"service":"havyn-villa-api"}
{"@timestamp":"2026-08-05T03:21:29.0030518Z","@version":"1","message":"RayProp sync: hit the configured safety cap of 2 pages (2 listings) with more pages still available — raise havyn.rayprop.max-pages if the daily quota allows it","logger_name":"com.havyn.properties.rayprop.RayPropClient","thread_name":"Test worker","level":"WARN","level_value":30000,"service":"havyn-villa-api"}
{"@timestamp":"2026-08-05T03:21:29.0040599Z","@version":"1","message":"RayProp RestClient interceptors before diagnostic logger: []","logger_name":"com.havyn.properties.rayprop.RayPropClient","thread_name":"Test worker","level":"INFO","level_value":20000,"service":"havyn-villa-api"}
{"@timestamp":"2026-08-05T03:21:29.0060561Z","@version":"1","message":"RayProp RestClient interceptors after diagnostic logger: [com.havyn.properties.rayprop.RayPropClient$$Lambda/0x00000252a67dc250]","logger_name":"com.havyn.properties.rayprop.RayPropClient","thread_name":"Test worker","level":"INFO","level_value":20000,"service":"havyn-villa-api"}
{"@timestamp":"2026-08-05T03:21:29.0140575Z","@version":"1","message":"RayProp outgoing request: method=GET uri=https://api.rayprop.io/listings?limit=50 headers={x-api-key=[<redacted length=19 prefix=rp_sa>], Authorization=[Bearer <redacted length=19 prefix=rp_sa>], Content-Length=[0]}","logger_name":"com.havyn.properties.rayprop.RayPropClient","thread_name":"Test worker","level":"INFO","level_value":20000,"service":"havyn-villa-api"}
{"@timestamp":"2026-08-05T03:21:29.0160586Z","@version":"1","message":"RayProp sync: page 1 fetched — 1 listings so far","logger_name":"com.havyn.properties.rayprop.RayPropClient","thread_name":"Test worker","level":"INFO","level_value":20000,"service":"havyn-villa-api"}
{"@timestamp":"2026-08-05T03:21:29.01806Z","@version":"1","message":"RayProp RestClient interceptors before diagnostic logger: []","logger_name":"com.havyn.properties.rayprop.RayPropClient","thread_name":"Test worker","level":"INFO","level_value":20000,"service":"havyn-villa-api"}
{"@timestamp":"2026-08-05T03:21:29.01806Z","@version":"1","message":"RayProp RestClient interceptors after diagnostic logger: [com.havyn.properties.rayprop.RayPropClient$$Lambda/0x00000252a67dc250]","logger_name":"com.havyn.properties.rayprop.RayPropClient","thread_name":"Test worker","level":"INFO","level_value":20000,"service":"havyn-villa-api"}
{"@timestamp":"2026-08-05T03:21:29.0240546Z","@version":"1","message":"RayProp outgoing request: method=GET uri=https://api.rayprop.io/listings?limit=50 headers={x-api-key=[<redacted length=19 prefix=rp_sa>], Authorization=[Bearer <redacted length=19 prefix=rp_sa>], Content-Length=[0]}","logger_name":"com.havyn.properties.rayprop.RayPropClient","thread_name":"Test worker","level":"INFO","level_value":20000,"service":"havyn-villa-api"}
{"@timestamp":"2026-08-05T03:21:29.0260553Z","@version":"1","message":"RayProp sync: page 1 fetched — 1 listings so far, daily quota 500/500 used","logger_name":"com.havyn.properties.rayprop.RayPropClient","thread_name":"Test worker","level":"INFO","level_value":20000,"service":"havyn-villa-api"}
{"@timestamp":"2026-08-05T03:21:29.0260553Z","@version":"1","message":"RayProp outgoing request: method=GET uri=https://api.rayprop.io/listings?limit=50&page=2 headers={x-api-key=[<redacted length=19 prefix=rp_sa>], Authorization=[Bearer <redacted length=19 prefix=rp_sa>], Content-Length=[0]}","logger_name":"com.havyn.properties.rayprop.RayPropClient","thread_name":"Test worker","level":"INFO","level_value":20000,"service":"havyn-villa-api"}
{"@timestamp":"2026-08-05T03:21:29.028053Z","@version":"1","message":"RayProp API request failed: status=429 code=DAILY_LIMIT_REACHED body={\"success\":false,\"error\":{\"code\":\"DAILY_LIMIT_REACHED\",\"message\":\"Daily unique-listing limit reached\"}}","logger_name":"com.havyn.properties.rayprop.RayPropClient","thread_name":"Test worker","level":"WARN","level_value":30000,"service":"havyn-villa-api"}
{"@timestamp":"2026-08-05T03:21:29.028053Z","@version":"1","message":"RayProp sync: daily unique-listing quota reached after 1 page(s), 1 listings fetched — stopping early (resets midnight UTC). Daily unique-listing limit reached","logger_name":"com.havyn.properties.rayprop.RayPropClient","thread_name":"Test worker","level":"WARN","level_value":30000,"service":"havyn-villa-api"}
{"@timestamp":"2026-08-05T03:21:29.0300538Z","@version":"1","message":"RayProp RestClient interceptors before diagnostic logger: []","logger_name":"com.havyn.properties.rayprop.RayPropClient","thread_name":"Test worker","level":"INFO","level_value":20000,"service":"havyn-villa-api"}
{"@timestamp":"2026-08-05T03:21:29.0310526Z","@version":"1","message":"RayProp RestClient interceptors after diagnostic logger: [com.havyn.properties.rayprop.RayPropClient$$Lambda/0x00000252a67dc250]","logger_name":"com.havyn.properties.rayprop.RayPropClient","thread_name":"Test worker","level":"INFO","level_value":20000,"service":"havyn-villa-api"}
{"@timestamp":"2026-08-05T03:21:29.0370544Z","@version":"1","message":"RayProp outgoing request: method=GET uri=https://api.rayprop.io/listings?limit=50 headers={x-api-key=[<redacted length=19 prefix=rp_sa>], Authorization=[Bearer <redacted length=19 prefix=rp_sa>], Content-Length=[0]}","logger_name":"com.havyn.properties.rayprop.RayPropClient","thread_name":"Test worker","level":"INFO","level_value":20000,"service":"havyn-villa-api"}
{"@timestamp":"2026-08-05T03:21:29.0380578Z","@version":"1","message":"RayProp sync: page 1 fetched — 1 listings so far","logger_name":"com.havyn.properties.rayprop.RayPropClient","thread_name":"Test worker","level":"INFO","level_value":20000,"service":"havyn-villa-api"}
]]></system-out>
  <system-err><![CDATA[]]></system-err>
</testsuite>
